This file contains any messages produced by compilers while
running configure, to aid debugging if configure makes a mistake.

It was created by xf86-video-ati configure 7.0.0, which was
generated by GNU Autoconf 2.69.  Invocation command line was

  $ ./configure --target=x86_64-mandriva-linux-gnu --host=x86_64-mandriva-linux-gnu --build=x86_64-mandriva-linux-gnu --disable-silent-rules --disable-dependency-tracking --disable-rpath --program-prefix= --prefix=/usr --exec-prefix=/usr --bindir=/usr/bin --sbindir=/usr/sbin --sysconfdir=/etc --datadir=/usr/share --includedir=/usr/include --libdir=/usr/lib64 --libexecdir=/usr/lib64 --localstatedir=/var --sharedstatedir=/usr/com --mandir=/usr/share/man --infodir=/usr/share/info --x-includes=/usr/include --x-libraries=/usr/lib64 --disable-static

## --------- ##
## Platform. ##
## --------- ##

hostname = localhost
uname -m = x86_64
uname -r = 3.6.7-nrj-desktop-1rosa
uname -s = Linux
uname -v = #1 SMP PREEMPT Thu Nov 22 12:37:04 UTC 2012

/usr/bin/uname -p = unknown
/bin/uname -X     = unknown

/bin/arch              = x86_64
/usr/bin/arch -k       = unknown
/usr/convex/getsysinfo = unknown
/usr/bin/hostinfo      = unknown
/bin/machine           = unknown
/usr/bin/oslevel       = unknown
/bin/universe          = unknown

PATH: /bin
PATH: /usr/bin
PATH: /usr/games
PATH: /usr/lib/qt4/bin
PATH: /mnt/disk/repos/linaro-android/scripts
PATH: /opt/android-sdk-linux/platform-tools
PATH: /opt/android-toolchain-4.7/bin
PATH: /home/bero/bin
PATH: /mnt/disk/repos/linaro-android/scripts
PATH: /opt/android-sdk-linux/platform-tools
PATH: /opt/android-toolchain-4.7/bin


## ----------- ##
## Core tests. ##
## ----------- ##

configure:2429: checking for a BSD-compatible install
configure:2497: result: /usr/bin/install -c
configure:2508: checking whether build environment is sane
configure:2563: result: yes
configure:2601: WARNING: 'missing' script is too old or missing
configure:2714: checking for a thread-safe mkdir -p
configure:2753: result: /bin/mkdir -p
configure:2760: checking for gawk
configure:2776: found /bin/gawk
configure:2787: result: gawk
configure:2798: checking whether make sets $(MAKE)
configure:2820: result: yes
configure:2849: checking whether make supports nested variables
configure:2866: result: yes
configure:2957: checking for style of include used by make
configure:2985: result: GNU
configure:3016: checking for x86_64-mandriva-linux-gnu-gcc
configure:3032: found /usr/bin/x86_64-mandriva-linux-gnu-gcc
configure:3043: result: x86_64-mandriva-linux-gnu-gcc
configure:3312: checking for C compiler version
configure:3321: x86_64-mandriva-linux-gnu-gcc --version >&5
x86_64-mandriva-linux-gnu-gcc (Linaro GCC 4.7-2013.01) 4.7.3 20130102 (Mandriva)
Copyright (C) 2012 Free Software Foundation, Inc.
This is free software; see the source for copying conditions.  There is NO
warranty; not even for MERCHANTABILITY or FITNESS FOR A PARTICULAR PURPOSE.

configure:3332: $? = 0
configure:3321: x86_64-mandriva-linux-gnu-gcc -v >&5
Using built-in specs.
COLLECT_GCC=x86_64-mandriva-linux-gnu-gcc
COLLECT_LTO_WRAPPER=/usr/lib64/gcc/x86_64-mandriva-linux-gnu/4.7.3/lto-wrapper
Target: x86_64-mandriva-linux-gnu
Configured with: ./configure --target=x86_64-mandriva-linux-gnu --host=x86_64-mandriva-linux-gnu --build=x86_64-mandriva-linux-gnu --disable-silent-rules --program-prefix= --prefix=/usr --exec-prefix=/usr --bindir=/usr/bin --sbindir=/usr/sbin --sysconfdir=/etc --datadir=/usr/share --includedir=/usr/include --libdir=/usr/lib64 --libexecdir=/usr/lib64 --localstatedir=/var --sharedstatedir=/usr/com --mandir=/usr/share/man --infodir=/usr/share/info --x-includes=/usr/include --x-libraries=/usr/lib64 --disable-libjava-multilib --with-java-home=/usr/lib/jvm/java-1.5.0-gcj-1.5.0.0/jre --with-ecj-jar=/usr/share/java/eclipse-ecj.jar --enable-java-awt=gtk --enable-gtk-cairo --with-cloog --with-ppl --enable-cloog-backend=isl --disable-cloog-version-check --disable-libssp --disable-libunwind-exceptions --disable-werror --enable-__cxa_atexit --enable-gold=default --with-plugin-ld=/usr/bin/ld --enable-bootstrap --enable-checking=release --enable-gnu-unique-object --enable-languages=c,ada,c++,fortran,go,java,lto,objc,obj-c++ --enable-linker-build-id --enable-plugin --enable-lto --enable-shared --enable-threads=posix --with-system-zlib --with-bugurl=https://qa.mandriva.com/ --with-tune=generic --with-arch_32=i586 --with-multilib-list=m32,m64 --host=x86_64-mandriva-linux-gnu --target=x86_64-mandriva-linux-gnu
Thread model: posix
gcc version 4.7.3 20130102 (Mandriva) (Linaro GCC 4.7-2013.01) 
configure:3332: $? = 0
configure:3321: x86_64-mandriva-linux-gnu-gcc -V >&5
x86_64-mandriva-linux-gnu-gcc: error: unrecognized command line option '-V'
x86_64-mandriva-linux-gnu-gcc: fatal error: no input files
compilation terminated.
configure:3332: $? = 1
configure:3321: x86_64-mandriva-linux-gnu-gcc -qversion >&5
x86_64-mandriva-linux-gnu-gcc: error: unrecognized command line option '-qversion'
x86_64-mandriva-linux-gnu-gcc: fatal error: no input files
compilation terminated.
configure:3332: $? = 1
configure:3352: checking whether the C compiler works
configure:3374: x86_64-mandriva-linux-gnu-gcc -O2 -Wa,--compress-debug-sections -gdwarf-4 -fvar-tracking-assignments -frecord-gcc-switches -Wstrict-aliasing=2 -pipe -Wformat -Werror=format-security -Wp,-D_FORTIFY_SOURCE=2 -fstack-protector --param=ssp-buffer-size=4  -fPIC   -Wl,--no-undefined  conftest.c  >&5
configure:3378: $? = 0
configure:3426: result: yes
configure:3429: checking for C compiler default output file name
configure:3431: result: a.out
configure:3437: checking for suffix of executables
configure:3444: x86_64-mandriva-linux-gnu-gcc -o conftest -O2 -Wa,--compress-debug-sections -gdwarf-4 -fvar-tracking-assignments -frecord-gcc-switches -Wstrict-aliasing=2 -pipe -Wformat -Werror=format-security -Wp,-D_FORTIFY_SOURCE=2 -fstack-protector --param=ssp-buffer-size=4  -fPIC   -Wl,--no-undefined  conftest.c  >&5
configure:3448: $? = 0
configure:3470: result: 
configure:3492: checking whether we are cross compiling
configure:3500: x86_64-mandriva-linux-gnu-gcc -o conftest -O2 -Wa,--compress-debug-sections -gdwarf-4 -fvar-tracking-assignments -frecord-gcc-switches -Wstrict-aliasing=2 -pipe -Wformat -Werror=format-security -Wp,-D_FORTIFY_SOURCE=2 -fstack-protector --param=ssp-buffer-size=4  -fPIC   -Wl,--no-undefined  conftest.c  >&5
configure:3504: $? = 0
configure:3511: ./conftest
configure:3515: $? = 0
configure:3530: result: no
configure:3535: checking for suffix of object files
configure:3557: x86_64-mandriva-linux-gnu-gcc -c -O2 -Wa,--compress-debug-sections -gdwarf-4 -fvar-tracking-assignments -frecord-gcc-switches -Wstrict-aliasing=2 -pipe -Wformat -Werror=format-security -Wp,-D_FORTIFY_SOURCE=2 -fstack-protector --param=ssp-buffer-size=4  -fPIC  conftest.c >&5
configure:3561: $? = 0
configure:3582: result: o
configure:3586: checking whether we are using the GNU C compiler
configure:3605: x86_64-mandriva-linux-gnu-gcc -c -O2 -Wa,--compress-debug-sections -gdwarf-4 -fvar-tracking-assignments -frecord-gcc-switches -Wstrict-aliasing=2 -pipe -Wformat -Werror=format-security -Wp,-D_FORTIFY_SOURCE=2 -fstack-protector --param=ssp-buffer-size=4  -fPIC  conftest.c >&5
configure:3605: $? = 0
configure:3614: result: yes
configure:3623: checking whether x86_64-mandriva-linux-gnu-gcc accepts -g
configure:3643: x86_64-mandriva-linux-gnu-gcc -c -g  conftest.c >&5
configure:3643: $? = 0
configure:3684: result: yes
configure:3701: checking for x86_64-mandriva-linux-gnu-gcc option to accept ISO C89
configure:3764: x86_64-mandriva-linux-gnu-gcc  -c -O2 -Wa,--compress-debug-sections -gdwarf-4 -fvar-tracking-assignments -frecord-gcc-switches -Wstrict-aliasing=2 -pipe -Wformat -Werror=format-security -Wp,-D_FORTIFY_SOURCE=2 -fstack-protector --param=ssp-buffer-size=4  -fPIC  conftest.c >&5
configure:3764: $? = 0
configure:3777: result: none needed
configure:3799: checking dependency style of x86_64-mandriva-linux-gnu-gcc
configure:3910: result: none
configure:3933: checking for special C compiler options needed for large files
configure:3978: result: no
configure:3984: checking for _FILE_OFFSET_BITS value needed for large files
configure:4009: x86_64-mandriva-linux-gnu-gcc -c -O2 -Wa,--compress-debug-sections -gdwarf-4 -fvar-tracking-assignments -frecord-gcc-switches -Wstrict-aliasing=2 -pipe -Wformat -Werror=format-security -Wp,-D_FORTIFY_SOURCE=2 -fstack-protector --param=ssp-buffer-size=4  -fPIC  conftest.c >&5
configure:4009: $? = 0
configure:4041: result: no
configure:4128: checking whether to enable maintainer-specific portions of Makefiles
configure:4137: result: no
configure:4163: checking for x86_64-mandriva-linux-gnu-gcc option to accept ISO C99
configure:4312: x86_64-mandriva-linux-gnu-gcc  -c -O2 -Wa,--compress-debug-sections -gdwarf-4 -fvar-tracking-assignments -frecord-gcc-switches -Wstrict-aliasing=2 -pipe -Wformat -Werror=format-security -Wp,-D_FORTIFY_SOURCE=2 -fstack-protector --param=ssp-buffer-size=4  -fPIC  conftest.c >&5
conftest.c:61:29: error: expected ';', ',' or ')' before 'text'
conftest.c: In function 'main':
conftest.c:115:18: error: expected '=', ',', ';', 'asm' or '__attribute__' before 'newvar'
conftest.c:115:18: error: 'newvar' undeclared (first use in this function)
conftest.c:115:18: note: each undeclared identifier is reported only once for each function it appears in
conftest.c:125:3: error: 'for' loop initial declarations are only allowed in C99 mode
conftest.c:125:3: note: use option -std=c99 or -std=gnu99 to compile your code
configure:4312: $? = 1
configure: failed program was:
| /* confdefs.h */
| #define PACKAGE_NAME "xf86-video-ati"
| #define PACKAGE_TARNAME "xf86-video-ati"
| #define PACKAGE_VERSION "7.0.0"
| #define PACKAGE_STRING "xf86-video-ati 7.0.0"
| #define PACKAGE_BUGREPORT "https://bugs.freedesktop.org/enter_bug.cgi?product=xorg"
| #define PACKAGE_URL ""
| #define PACKAGE "xf86-video-ati"
| #define VERSION "7.0.0"
| /* end confdefs.h.  */
| #include <stdarg.h>
| #include <stdbool.h>
| #include <stdlib.h>
| #include <wchar.h>
| #include <stdio.h>
| 
| // Check varargs macros.  These examples are taken from C99 6.10.3.5.
| #define debug(...) fprintf (stderr, __VA_ARGS__)
| #define showlist(...) puts (#__VA_ARGS__)
| #define report(test,...) ((test) ? puts (#test) : printf (__VA_ARGS__))
| static void
| test_varargs_macros (void)
| {
|   int x = 1234;
|   int y = 5678;
|   debug ("Flag");
|   debug ("X = %d\n", x);
|   showlist (The first, second, and third items.);
|   report (x>y, "x is %d but y is %d", x, y);
| }
| 
| // Check long long types.
| #define BIG64 18446744073709551615ull
| #define BIG32 4294967295ul
| #define BIG_OK (BIG64 / BIG32 == 4294967297ull && BIG64 % BIG32 == 0)
| #if !BIG_OK
|   your preprocessor is broken;
| #endif
| #if BIG_OK
| #else
|   your preprocessor is broken;
| #endif
| static long long int bignum = -9223372036854775807LL;
| static unsigned long long int ubignum = BIG64;
| 
| struct incomplete_array
| {
|   int datasize;
|   double data[];
| };
| 
| struct named_init {
|   int number;
|   const wchar_t *name;
|   double average;
| };
| 
| typedef const char *ccp;
| 
| static inline int
| test_restrict (ccp restrict text)
| {
|   // See if C++-style comments work.
|   // Iterate through items via the restricted pointer.
|   // Also check for declarations in for loops.
|   for (unsigned int i = 0; *(text+i) != '\0'; ++i)
|     continue;
|   return 0;
| }
| 
| // Check varargs and va_copy.
| static void
| test_varargs (const char *format, ...)
| {
|   va_list args;
|   va_start (args, format);
|   va_list args_copy;
|   va_copy (args_copy, args);
| 
|   const char *str;
|   int number;
|   float fnumber;
| 
|   while (*format)
|     {
|       switch (*format++)
| 	{
| 	case 's': // string
| 	  str = va_arg (args_copy, const char *);
| 	  break;
| 	case 'd': // int
| 	  number = va_arg (args_copy, int);
| 	  break;
| 	case 'f': // float
| 	  fnumber = va_arg (args_copy, double);
| 	  break;
| 	default:
| 	  break;
| 	}
|     }
|   va_end (args_copy);
|   va_end (args);
| }
| 
| int
| main ()
| {
| 
|   // Check bool.
|   _Bool success = false;
| 
|   // Check restrict.
|   if (test_restrict ("String literal") == 0)
|     success = true;
|   char *restrict newvar = "Another string";
| 
|   // Check varargs.
|   test_varargs ("s, d' f .", "string", 65, 34.234);
|   test_varargs_macros ();
| 
|   // Check flexible array members.
|   struct incomplete_array *ia =
|     malloc (sizeof (struct incomplete_array) + (sizeof (double) * 10));
|   ia->datasize = 10;
|   for (int i = 0; i < ia->datasize; ++i)
|     ia->data[i] = i * 1.234;
| 
|   // Check named initializers.
|   struct named_init ni = {
|     .number = 34,
|     .name = L"Test wide string",
|     .average = 543.34343,
|   };
| 
|   ni.number = 58;
| 
|   int dynamic_array[ni.number];
|   dynamic_array[ni.number - 1] = 543;
| 
|   // work around unused variable warnings
|   return (!success || bignum == 0LL || ubignum == 0uLL || newvar[0] == 'x'
| 	  || dynamic_array[ni.number - 1] != 543);
| 
|   ;
|   return 0;
| }
configure:4312: x86_64-mandriva-linux-gnu-gcc -std=gnu99 -c -O2 -Wa,--compress-debug-sections -gdwarf-4 -fvar-tracking-assignments -frecord-gcc-switches -Wstrict-aliasing=2 -pipe -Wformat -Werror=format-security -Wp,-D_FORTIFY_SOURCE=2 -fstack-protector --param=ssp-buffer-size=4  -fPIC  conftest.c >&5
configure:4312: $? = 0
configure:4332: result: -std=gnu99
configure:4345: checking how to run the C preprocessor
configure:4376: x86_64-mandriva-linux-gnu-gcc -std=gnu99 -E  conftest.c
configure:4376: $? = 0
configure:4390: x86_64-mandriva-linux-gnu-gcc -std=gnu99 -E  conftest.c
conftest.c:11:28: fatal error: ac_nonexistent.h: No such file or directory
compilation terminated.
configure:4390: $? = 1
configure: failed program was:
| /* confdefs.h */
| #define PACKAGE_NAME "xf86-video-ati"
| #define PACKAGE_TARNAME "xf86-video-ati"
| #define PACKAGE_VERSION "7.0.0"
| #define PACKAGE_STRING "xf86-video-ati 7.0.0"
| #define PACKAGE_BUGREPORT "https://bugs.freedesktop.org/enter_bug.cgi?product=xorg"
| #define PACKAGE_URL ""
| #define PACKAGE "xf86-video-ati"
| #define VERSION "7.0.0"
| /* end confdefs.h.  */
| #include <ac_nonexistent.h>
configure:4415: result: x86_64-mandriva-linux-gnu-gcc -std=gnu99 -E
configure:4435: x86_64-mandriva-linux-gnu-gcc -std=gnu99 -E  conftest.c
configure:4435: $? = 0
configure:4449: x86_64-mandriva-linux-gnu-gcc -std=gnu99 -E  conftest.c
conftest.c:11:28: fatal error: ac_nonexistent.h: No such file or directory
compilation terminated.
configure:4449: $? = 1
configure: failed program was:
| /* confdefs.h */
| #define PACKAGE_NAME "xf86-video-ati"
| #define PACKAGE_TARNAME "xf86-video-ati"
| #define PACKAGE_VERSION "7.0.0"
| #define PACKAGE_STRING "xf86-video-ati 7.0.0"
| #define PACKAGE_BUGREPORT "https://bugs.freedesktop.org/enter_bug.cgi?product=xorg"
| #define PACKAGE_URL ""
| #define PACKAGE "xf86-video-ati"
| #define VERSION "7.0.0"
| /* end confdefs.h.  */
| #include <ac_nonexistent.h>
configure:4478: checking for grep that handles long lines and -e
configure:4536: result: /bin/grep
configure:4541: checking for egrep
configure:4603: result: /bin/grep -E
configure:4608: checking for ANSI C header files
configure:4628: x86_64-mandriva-linux-gnu-gcc -std=gnu99 -c -O2 -Wa,--compress-debug-sections -gdwarf-4 -fvar-tracking-assignments -frecord-gcc-switches -Wstrict-aliasing=2 -pipe -Wformat -Werror=format-security -Wp,-D_FORTIFY_SOURCE=2 -fstack-protector --param=ssp-buffer-size=4  -fPIC  conftest.c >&5
configure:4628: $? = 0
configure:4701: x86_64-mandriva-linux-gnu-gcc -std=gnu99 -o conftest -O2 -Wa,--compress-debug-sections -gdwarf-4 -fvar-tracking-assignments -frecord-gcc-switches -Wstrict-aliasing=2 -pipe -Wformat -Werror=format-security -Wp,-D_FORTIFY_SOURCE=2 -fstack-protector --param=ssp-buffer-size=4  -fPIC   -Wl,--no-undefined  conftest.c  >&5
configure:4701: $? = 0
configure:4701: ./conftest
configure:4701: $? = 0
configure:4712: result: yes
configure:4725: checking for sys/types.h
configure:4725: x86_64-mandriva-linux-gnu-gcc -std=gnu99 -c -O2 -Wa,--compress-debug-sections -gdwarf-4 -fvar-tracking-assignments -frecord-gcc-switches -Wstrict-aliasing=2 -pipe -Wformat -Werror=format-security -Wp,-D_FORTIFY_SOURCE=2 -fstack-protector --param=ssp-buffer-size=4  -fPIC  conftest.c >&5
configure:4725: $? = 0
configure:4725: result: yes
configure:4725: checking for sys/stat.h
configure:4725: x86_64-mandriva-linux-gnu-gcc -std=gnu99 -c -O2 -Wa,--compress-debug-sections -gdwarf-4 -fvar-tracking-assignments -frecord-gcc-switches -Wstrict-aliasing=2 -pipe -Wformat -Werror=format-security -Wp,-D_FORTIFY_SOURCE=2 -fstack-protector --param=ssp-buffer-size=4  -fPIC  conftest.c >&5
configure:4725: $? = 0
configure:4725: result: yes
configure:4725: checking for stdlib.h
configure:4725: x86_64-mandriva-linux-gnu-gcc -std=gnu99 -c -O2 -Wa,--compress-debug-sections -gdwarf-4 -fvar-tracking-assignments -frecord-gcc-switches -Wstrict-aliasing=2 -pipe -Wformat -Werror=format-security -Wp,-D_FORTIFY_SOURCE=2 -fstack-protector --param=ssp-buffer-size=4  -fPIC  conftest.c >&5
configure:4725: $? = 0
configure:4725: result: yes
configure:4725: checking for string.h
configure:4725: x86_64-mandriva-linux-gnu-gcc -std=gnu99 -c -O2 -Wa,--compress-debug-sections -gdwarf-4 -fvar-tracking-assignments -frecord-gcc-switches -Wstrict-aliasing=2 -pipe -Wformat -Werror=format-security -Wp,-D_FORTIFY_SOURCE=2 -fstack-protector --param=ssp-buffer-size=4  -fPIC  conftest.c >&5
configure:4725: $? = 0
configure:4725: result: yes
configure:4725: checking for memory.h
configure:4725: x86_64-mandriva-linux-gnu-gcc -std=gnu99 -c -O2 -Wa,--compress-debug-sections -gdwarf-4 -fvar-tracking-assignments -frecord-gcc-switches -Wstrict-aliasing=2 -pipe -Wformat -Werror=format-security -Wp,-D_FORTIFY_SOURCE=2 -fstack-protector --param=ssp-buffer-size=4  -fPIC  conftest.c >&5
configure:4725: $? = 0
configure:4725: result: yes
configure:4725: checking for strings.h
configure:4725: x86_64-mandriva-linux-gnu-gcc -std=gnu99 -c -O2 -Wa,--compress-debug-sections -gdwarf-4 -fvar-tracking-assignments -frecord-gcc-switches -Wstrict-aliasing=2 -pipe -Wformat -Werror=format-security -Wp,-D_FORTIFY_SOURCE=2 -fstack-protector --param=ssp-buffer-size=4  -fPIC  conftest.c >&5
configure:4725: $? = 0
configure:4725: result: yes
configure:4725: checking for inttypes.h
configure:4725: x86_64-mandriva-linux-gnu-gcc -std=gnu99 -c -O2 -Wa,--compress-debug-sections -gdwarf-4 -fvar-tracking-assignments -frecord-gcc-switches -Wstrict-aliasing=2 -pipe -Wformat -Werror=format-security -Wp,-D_FORTIFY_SOURCE=2 -fstack-protector --param=ssp-buffer-size=4  -fPIC  conftest.c >&5
configure:4725: $? = 0
configure:4725: result: yes
configure:4725: checking for stdint.h
configure:4725: x86_64-mandriva-linux-gnu-gcc -std=gnu99 -c -O2 -Wa,--compress-debug-sections -gdwarf-4 -fvar-tracking-assignments -frecord-gcc-switches -Wstrict-aliasing=2 -pipe -Wformat -Werror=format-security -Wp,-D_FORTIFY_SOURCE=2 -fstack-protector --param=ssp-buffer-size=4  -fPIC  conftest.c >&5
configure:4725: $? = 0
configure:4725: result: yes
configure:4725: checking for unistd.h
configure:4725: x86_64-mandriva-linux-gnu-gcc -std=gnu99 -c -O2 -Wa,--compress-debug-sections -gdwarf-4 -fvar-tracking-assignments -frecord-gcc-switches -Wstrict-aliasing=2 -pipe -Wformat -Werror=format-security -Wp,-D_FORTIFY_SOURCE=2 -fstack-protector --param=ssp-buffer-size=4  -fPIC  conftest.c >&5
configure:4725: $? = 0
configure:4725: result: yes
configure:4741: checking whether __clang__ is declared
configure:4741: x86_64-mandriva-linux-gnu-gcc -std=gnu99 -c -O2 -Wa,--compress-debug-sections -gdwarf-4 -fvar-tracking-assignments -frecord-gcc-switches -Wstrict-aliasing=2 -pipe -Wformat -Werror=format-security -Wp,-D_FORTIFY_SOURCE=2 -fstack-protector --param=ssp-buffer-size=4  -fPIC  conftest.c >&5
conftest.c: In function 'main':
conftest.c:61:10: error: '__clang__' undeclared (first use in this function)
conftest.c:61:10: note: each undeclared identifier is reported only once for each function it appears in
configure:4741: $? = 1
configure: failed program was:
| /* confdefs.h */
| #define PACKAGE_NAME "xf86-video-ati"
| #define PACKAGE_TARNAME "xf86-video-ati"
| #define PACKAGE_VERSION "7.0.0"
| #define PACKAGE_STRING "xf86-video-ati 7.0.0"
| #define PACKAGE_BUGREPORT "https://bugs.freedesktop.org/enter_bug.cgi?product=xorg"
| #define PACKAGE_URL ""
| #define PACKAGE "xf86-video-ati"
| #define VERSION "7.0.0"
| #define STDC_HEADERS 1
| #define HAVE_SYS_TYPES_H 1
| #define HAVE_SYS_STAT_H 1
| #define HAVE_STDLIB_H 1
| #define HAVE_STRING_H 1
| #define HAVE_MEMORY_H 1
| #define HAVE_STRINGS_H 1
| #define HAVE_INTTYPES_H 1
| #define HAVE_STDINT_H 1
| #define HAVE_UNISTD_H 1
| /* end confdefs.h.  */
| #include <stdio.h>
| #ifdef HAVE_SYS_TYPES_H
| # include <sys/types.h>
| #endif
| #ifdef HAVE_SYS_STAT_H
| # include <sys/stat.h>
| #endif
| #ifdef STDC_HEADERS
| # include <stdlib.h>
| # include <stddef.h>
| #else
| # ifdef HAVE_STDLIB_H
| #  include <stdlib.h>
| # endif
| #endif
| #ifdef HAVE_STRING_H
| # if !defined STDC_HEADERS && defined HAVE_MEMORY_H
| #  include <memory.h>
| # endif
| # include <string.h>
| #endif
| #ifdef HAVE_STRINGS_H
| # include <strings.h>
| #endif
| #ifdef HAVE_INTTYPES_H
| # include <inttypes.h>
| #endif
| #ifdef HAVE_STDINT_H
| # include <stdint.h>
| #endif
| #ifdef HAVE_UNISTD_H
| # include <unistd.h>
| #endif
| int
| main ()
| {
| #ifndef __clang__
| #ifdef __cplusplus
|   (void) __clang__;
| #else
|   (void) __clang__;
| #endif
| #endif
| 
|   ;
|   return 0;
| }
configure:4741: result: no
configure:4748: checking whether __INTEL_COMPILER is declared
configure:4748: x86_64-mandriva-linux-gnu-gcc -std=gnu99 -c -O2 -Wa,--compress-debug-sections -gdwarf-4 -fvar-tracking-assignments -frecord-gcc-switches -Wstrict-aliasing=2 -pipe -Wformat -Werror=format-security -Wp,-D_FORTIFY_SOURCE=2 -fstack-protector --param=ssp-buffer-size=4  -fPIC  conftest.c >&5
conftest.c: In function 'main':
conftest.c:61:10: error: '__INTEL_COMPILER' undeclared (first use in this function)
conftest.c:61:10: note: each undeclared identifier is reported only once for each function it appears in
configure:4748: $? = 1
configure: failed program was:
| /* confdefs.h */
| #define PACKAGE_NAME "xf86-video-ati"
| #define PACKAGE_TARNAME "xf86-video-ati"
| #define PACKAGE_VERSION "7.0.0"
| #define PACKAGE_STRING "xf86-video-ati 7.0.0"
| #define PACKAGE_BUGREPORT "https://bugs.freedesktop.org/enter_bug.cgi?product=xorg"
| #define PACKAGE_URL ""
| #define PACKAGE "xf86-video-ati"
| #define VERSION "7.0.0"
| #define STDC_HEADERS 1
| #define HAVE_SYS_TYPES_H 1
| #define HAVE_SYS_STAT_H 1
| #define HAVE_STDLIB_H 1
| #define HAVE_STRING_H 1
| #define HAVE_MEMORY_H 1
| #define HAVE_STRINGS_H 1
| #define HAVE_INTTYPES_H 1
| #define HAVE_STDINT_H 1
| #define HAVE_UNISTD_H 1
| /* end confdefs.h.  */
| #include <stdio.h>
| #ifdef HAVE_SYS_TYPES_H
| # include <sys/types.h>
| #endif
| #ifdef HAVE_SYS_STAT_H
| # include <sys/stat.h>
| #endif
| #ifdef STDC_HEADERS
| # include <stdlib.h>
| # include <stddef.h>
| #else
| # ifdef HAVE_STDLIB_H
| #  include <stdlib.h>
| # endif
| #endif
| #ifdef HAVE_STRING_H
| # if !defined STDC_HEADERS && defined HAVE_MEMORY_H
| #  include <memory.h>
| # endif
| # include <string.h>
| #endif
| #ifdef HAVE_STRINGS_H
| # include <strings.h>
| #endif
| #ifdef HAVE_INTTYPES_H
| # include <inttypes.h>
| #endif
| #ifdef HAVE_STDINT_H
| # include <stdint.h>
| #endif
| #ifdef HAVE_UNISTD_H
| # include <unistd.h>
| #endif
| int
| main ()
| {
| #ifndef __INTEL_COMPILER
| #ifdef __cplusplus
|   (void) __INTEL_COMPILER;
| #else
|   (void) __INTEL_COMPILER;
| #endif
| #endif
| 
|   ;
|   return 0;
| }
configure:4748: result: no
configure:4755: checking whether __SUNPRO_C is declared
configure:4755: x86_64-mandriva-linux-gnu-gcc -std=gnu99 -c -O2 -Wa,--compress-debug-sections -gdwarf-4 -fvar-tracking-assignments -frecord-gcc-switches -Wstrict-aliasing=2 -pipe -Wformat -Werror=format-security -Wp,-D_FORTIFY_SOURCE=2 -fstack-protector --param=ssp-buffer-size=4  -fPIC  conftest.c >&5
conftest.c: In function 'main':
conftest.c:61:10: error: '__SUNPRO_C' undeclared (first use in this function)
conftest.c:61:10: note: each undeclared identifier is reported only once for each function it appears in
configure:4755: $? = 1
configure: failed program was:
| /* confdefs.h */
| #define PACKAGE_NAME "xf86-video-ati"
| #define PACKAGE_TARNAME "xf86-video-ati"
| #define PACKAGE_VERSION "7.0.0"
| #define PACKAGE_STRING "xf86-video-ati 7.0.0"
| #define PACKAGE_BUGREPORT "https://bugs.freedesktop.org/enter_bug.cgi?product=xorg"
| #define PACKAGE_URL ""
| #define PACKAGE "xf86-video-ati"
| #define VERSION "7.0.0"
| #define STDC_HEADERS 1
| #define HAVE_SYS_TYPES_H 1
| #define HAVE_SYS_STAT_H 1
| #define HAVE_STDLIB_H 1
| #define HAVE_STRING_H 1
| #define HAVE_MEMORY_H 1
| #define HAVE_STRINGS_H 1
| #define HAVE_INTTYPES_H 1
| #define HAVE_STDINT_H 1
| #define HAVE_UNISTD_H 1
| /* end confdefs.h.  */
| #include <stdio.h>
| #ifdef HAVE_SYS_TYPES_H
| # include <sys/types.h>
| #endif
| #ifdef HAVE_SYS_STAT_H
| # include <sys/stat.h>
| #endif
| #ifdef STDC_HEADERS
| # include <stdlib.h>
| # include <stddef.h>
| #else
| # ifdef HAVE_STDLIB_H
| #  include <stdlib.h>
| # endif
| #endif
| #ifdef HAVE_STRING_H
| # if !defined STDC_HEADERS && defined HAVE_MEMORY_H
| #  include <memory.h>
| # endif
| # include <string.h>
| #endif
| #ifdef HAVE_STRINGS_H
| # include <strings.h>
| #endif
| #ifdef HAVE_INTTYPES_H
| # include <inttypes.h>
| #endif
| #ifdef HAVE_STDINT_H
| # include <stdint.h>
| #endif
| #ifdef HAVE_UNISTD_H
| # include <unistd.h>
| #endif
| int
| main ()
| {
| #ifndef __SUNPRO_C
| #ifdef __cplusplus
|   (void) __SUNPRO_C;
| #else
|   (void) __SUNPRO_C;
| #endif
| #endif
| 
|   ;
|   return 0;
| }
configure:4755: result: no
configure:4774: checking for x86_64-mandriva-linux-gnu-pkg-config
configure:4792: found /usr/bin/x86_64-mandriva-linux-gnu-pkg-config
configure:4804: result: /usr/bin/x86_64-mandriva-linux-gnu-pkg-config
configure:4872: checking pkg-config is at least version 0.9.0
configure:4875: result: yes
configure:4887: checking build system type
configure:4901: result: x86_64-mandriva-linux-gnu
configure:4921: checking host system type
configure:4934: result: x86_64-mandriva-linux-gnu
configure:4954: checking for a sed that does not truncate output
configure:5018: result: /bin/sed
configure:5064: checking if x86_64-mandriva-linux-gnu-gcc -std=gnu99 supports -Werror=unknown-warning-option
configure:5073: x86_64-mandriva-linux-gnu-gcc -std=gnu99 -c -O2 -Wa,--compress-debug-sections -gdwarf-4 -fvar-tracking-assignments -frecord-gcc-switches -Wstrict-aliasing=2 -pipe -Wformat -Werror=format-security -Wp,-D_FORTIFY_SOURCE=2 -fstack-protector --param=ssp-buffer-size=4  -fPIC -Werror=unknown-warning-option  conftest.c >&5
cc1: error: -Werror=unknown-warning-option: no option -Wunknown-warning-option
configure:5073: $? = 1
configure: failed program was:
| /* confdefs.h */
| #define PACKAGE_NAME "xf86-video-ati"
| #define PACKAGE_TARNAME "xf86-video-ati"
| #define PACKAGE_VERSION "7.0.0"
| #define PACKAGE_STRING "xf86-video-ati 7.0.0"
| #define PACKAGE_BUGREPORT "https://bugs.freedesktop.org/enter_bug.cgi?product=xorg"
| #define PACKAGE_URL ""
| #define PACKAGE "xf86-video-ati"
| #define VERSION "7.0.0"
| #define STDC_HEADERS 1
| #define HAVE_SYS_TYPES_H 1
| #define HAVE_SYS_STAT_H 1
| #define HAVE_STDLIB_H 1
| #define HAVE_STRING_H 1
| #define HAVE_MEMORY_H 1
| #define HAVE_STRINGS_H 1
| #define HAVE_INTTYPES_H 1
| #define HAVE_STDINT_H 1
| #define HAVE_UNISTD_H 1
| /* end confdefs.h.  */
| int i;
configure:5080: result: no
configure:5091: checking if x86_64-mandriva-linux-gnu-gcc -std=gnu99 supports -Werror=unused-command-line-argument
configure:5100: x86_64-mandriva-linux-gnu-gcc -std=gnu99 -c -O2 -Wa,--compress-debug-sections -gdwarf-4 -fvar-tracking-assignments -frecord-gcc-switches -Wstrict-aliasing=2 -pipe -Wformat -Werror=format-security -Wp,-D_FORTIFY_SOURCE=2 -fstack-protector --param=ssp-buffer-size=4  -fPIC -Werror=unused-command-line-argument  conftest.c >&5
cc1: error: -Werror=unused-command-line-argument: no option -Wunused-command-line-argument
configure:5100: $? = 1
configure: failed program was:
| /* confdefs.h */
| #define PACKAGE_NAME "xf86-video-ati"
| #define PACKAGE_TARNAME "xf86-video-ati"
| #define PACKAGE_VERSION "7.0.0"
| #define PACKAGE_STRING "xf86-video-ati 7.0.0"
| #define PACKAGE_BUGREPORT "https://bugs.freedesktop.org/enter_bug.cgi?product=xorg"
| #define PACKAGE_URL ""
| #define PACKAGE "xf86-video-ati"
| #define VERSION "7.0.0"
| #define STDC_HEADERS 1
| #define HAVE_SYS_TYPES_H 1
| #define HAVE_SYS_STAT_H 1
| #define HAVE_STDLIB_H 1
| #define HAVE_STRING_H 1
| #define HAVE_MEMORY_H 1
| #define HAVE_STRINGS_H 1
| #define HAVE_INTTYPES_H 1
| #define HAVE_STDINT_H 1
| #define HAVE_UNISTD_H 1
| /* end confdefs.h.  */
| int i;
configure:5107: result: no
configure:5126: checking if x86_64-mandriva-linux-gnu-gcc -std=gnu99 supports-Wall
configure:5143: x86_64-mandriva-linux-gnu-gcc -std=gnu99 -o conftest -O2 -Wa,--compress-debug-sections -gdwarf-4 -fvar-tracking-assignments -frecord-gcc-switches -Wstrict-aliasing=2 -pipe -Wformat -Werror=format-security -Wp,-D_FORTIFY_SOURCE=2 -fstack-protector --param=ssp-buffer-size=4  -fPIC -Wall   -Wl,--no-undefined  conftest.c  >&5
configure:5143: $? = 0
configure:5156: result: yes
configure:5244: checking if x86_64-mandriva-linux-gnu-gcc -std=gnu99 supports-Wpointer-arith
configure:5261: x86_64-mandriva-linux-gnu-gcc -std=gnu99 -o conftest -O2 -Wa,--compress-debug-sections -gdwarf-4 -fvar-tracking-assignments -frecord-gcc-switches -Wstrict-aliasing=2 -pipe -Wformat -Werror=format-security -Wp,-D_FORTIFY_SOURCE=2 -fstack-protector --param=ssp-buffer-size=4  -fPIC -Wpointer-arith   -Wl,--no-undefined  conftest.c  >&5
configure:5261: $? = 0
configure:5274: result: yes
configure:5362: checking if x86_64-mandriva-linux-gnu-gcc -std=gnu99 supports-Wmissing-declarations
configure:5379: x86_64-mandriva-linux-gnu-gcc -std=gnu99 -o conftest -O2 -Wa,--compress-debug-sections -gdwarf-4 -fvar-tracking-assignments -frecord-gcc-switches -Wstrict-aliasing=2 -pipe -Wformat -Werror=format-security -Wp,-D_FORTIFY_SOURCE=2 -fstack-protector --param=ssp-buffer-size=4  -fPIC -Wmissing-declarations   -Wl,--no-undefined  conftest.c  >&5
configure:5379: $? = 0
configure:5392: result: yes
configure:5480: checking if x86_64-mandriva-linux-gnu-gcc -std=gnu99 supports-Wformat=2
configure:5497: x86_64-mandriva-linux-gnu-gcc -std=gnu99 -o conftest -O2 -Wa,--compress-debug-sections -gdwarf-4 -fvar-tracking-assignments -frecord-gcc-switches -Wstrict-aliasing=2 -pipe -Wformat -Werror=format-security -Wp,-D_FORTIFY_SOURCE=2 -fstack-protector --param=ssp-buffer-size=4  -fPIC -Wformat=2   -Wl,--no-undefined  conftest.c  >&5
configure:5497: $? = 0
configure:5510: result: yes
configure:5649: checking if x86_64-mandriva-linux-gnu-gcc -std=gnu99 supports-Wstrict-prototypes
configure:5666: x86_64-mandriva-linux-gnu-gcc -std=gnu99 -o conftest -O2 -Wa,--compress-debug-sections -gdwarf-4 -fvar-tracking-assignments -frecord-gcc-switches -Wstrict-aliasing=2 -pipe -Wformat -Werror=format-security -Wp,-D_FORTIFY_SOURCE=2 -fstack-protector --param=ssp-buffer-size=4  -fPIC -Wstrict-prototypes   -Wl,--no-undefined  conftest.c  >&5
conftest.c:23:1: warning: function declaration isn't a prototype [-Wstrict-prototypes]
configure:5666: $? = 0
configure:5679: result: yes
configure:5767: checking if x86_64-mandriva-linux-gnu-gcc -std=gnu99 supports-Wmissing-prototypes
configure:5784: x86_64-mandriva-linux-gnu-gcc -std=gnu99 -o conftest -O2 -Wa,--compress-debug-sections -gdwarf-4 -fvar-tracking-assignments -frecord-gcc-switches -Wstrict-aliasing=2 -pipe -Wformat -Werror=format-security -Wp,-D_FORTIFY_SOURCE=2 -fstack-protector --param=ssp-buffer-size=4  -fPIC -Wmissing-prototypes   -Wl,--no-undefined  conftest.c  >&5
configure:5784: $? = 0
configure:5797: result: yes
configure:5885: checking if x86_64-mandriva-linux-gnu-gcc -std=gnu99 supports-Wnested-externs
configure:5902: x86_64-mandriva-linux-gnu-gcc -std=gnu99 -o conftest -O2 -Wa,--compress-debug-sections -gdwarf-4 -fvar-tracking-assignments -frecord-gcc-switches -Wstrict-aliasing=2 -pipe -Wformat -Werror=format-security -Wp,-D_FORTIFY_SOURCE=2 -fstack-protector --param=ssp-buffer-size=4  -fPIC -Wnested-externs   -Wl,--no-undefined  conftest.c  >&5
configure:5902: $? = 0
configure:5915: result: yes
configure:6003: checking if x86_64-mandriva-linux-gnu-gcc -std=gnu99 supports-Wbad-function-cast
configure:6020: x86_64-mandriva-linux-gnu-gcc -std=gnu99 -o conftest -O2 -Wa,--compress-debug-sections -gdwarf-4 -fvar-tracking-assignments -frecord-gcc-switches -Wstrict-aliasing=2 -pipe -Wformat -Werror=format-security -Wp,-D_FORTIFY_SOURCE=2 -fstack-protector --param=ssp-buffer-size=4  -fPIC -Wbad-function-cast   -Wl,--no-undefined  conftest.c  >&5
configure:6020: $? = 0
configure:6033: result: yes
configure:6121: checking if x86_64-mandriva-linux-gnu-gcc -std=gnu99 supports-Wold-style-definition
configure:6138: x86_64-mandriva-linux-gnu-gcc -std=gnu99 -o conftest -O2 -Wa,--compress-debug-sections -gdwarf-4 -fvar-tracking-assignments -frecord-gcc-switches -Wstrict-aliasing=2 -pipe -Wformat -Werror=format-security -Wp,-D_FORTIFY_SOURCE=2 -fstack-protector --param=ssp-buffer-size=4  -fPIC -Wold-style-definition   -Wl,--no-undefined  conftest.c  >&5
conftest.c: In function 'main':
conftest.c:23:1: warning: old-style function definition [-Wold-style-definition]
configure:6138: $? = 0
configure:6151: result: yes
configure:6239: checking if x86_64-mandriva-linux-gnu-gcc -std=gnu99 supports-Wdeclaration-after-statement
configure:6256: x86_64-mandriva-linux-gnu-gcc -std=gnu99 -o conftest -O2 -Wa,--compress-debug-sections -gdwarf-4 -fvar-tracking-assignments -frecord-gcc-switches -Wstrict-aliasing=2 -pipe -Wformat -Werror=format-security -Wp,-D_FORTIFY_SOURCE=2 -fstack-protector --param=ssp-buffer-size=4  -fPIC -Wdeclaration-after-statement   -Wl,--no-undefined  conftest.c  >&5
configure:6256: $? = 0
configure:6269: result: yes
configure:6361: checking if x86_64-mandriva-linux-gnu-gcc -std=gnu99 supports-Wunused
configure:6378: x86_64-mandriva-linux-gnu-gcc -std=gnu99 -o conftest -O2 -Wa,--compress-debug-sections -gdwarf-4 -fvar-tracking-assignments -frecord-gcc-switches -Wstrict-aliasing=2 -pipe -Wformat -Werror=format-security -Wp,-D_FORTIFY_SOURCE=2 -fstack-protector --param=ssp-buffer-size=4  -fPIC -Wunused   -Wl,--no-undefined  conftest.c  >&5
configure:6378: $? = 0
configure:6391: result: yes
configure:6479: checking if x86_64-mandriva-linux-gnu-gcc -std=gnu99 supports-Wuninitialized
configure:6496: x86_64-mandriva-linux-gnu-gcc -std=gnu99 -o conftest -O2 -Wa,--compress-debug-sections -gdwarf-4 -fvar-tracking-assignments -frecord-gcc-switches -Wstrict-aliasing=2 -pipe -Wformat -Werror=format-security -Wp,-D_FORTIFY_SOURCE=2 -fstack-protector --param=ssp-buffer-size=4  -fPIC -Wuninitialized   -Wl,--no-undefined  conftest.c  >&5
configure:6496: $? = 0
configure:6509: result: yes
configure:6597: checking if x86_64-mandriva-linux-gnu-gcc -std=gnu99 supports-Wshadow
configure:6614: x86_64-mandriva-linux-gnu-gcc -std=gnu99 -o conftest -O2 -Wa,--compress-debug-sections -gdwarf-4 -fvar-tracking-assignments -frecord-gcc-switches -Wstrict-aliasing=2 -pipe -Wformat -Werror=format-security -Wp,-D_FORTIFY_SOURCE=2 -fstack-protector --param=ssp-buffer-size=4  -fPIC -Wshadow   -Wl,--no-undefined  conftest.c  >&5
configure:6614: $? = 0
configure:6627: result: yes
configure:6715: checking if x86_64-mandriva-linux-gnu-gcc -std=gnu99 supports-Wcast-qual
configure:6732: x86_64-mandriva-linux-gnu-gcc -std=gnu99 -o conftest -O2 -Wa,--compress-debug-sections -gdwarf-4 -fvar-tracking-assignments -frecord-gcc-switches -Wstrict-aliasing=2 -pipe -Wformat -Werror=format-security -Wp,-D_FORTIFY_SOURCE=2 -fstack-protector --param=ssp-buffer-size=4  -fPIC -Wcast-qual   -Wl,--no-undefined  conftest.c  >&5
configure:6732: $? = 0
configure:6745: result: yes
configure:6833: checking if x86_64-mandriva-linux-gnu-gcc -std=gnu99 supports-Wmissing-noreturn
configure:6850: x86_64-mandriva-linux-gnu-gcc -std=gnu99 -o conftest -O2 -Wa,--compress-debug-sections -gdwarf-4 -fvar-tracking-assignments -frecord-gcc-switches -Wstrict-aliasing=2 -pipe -Wformat -Werror=format-security -Wp,-D_FORTIFY_SOURCE=2 -fstack-protector --param=ssp-buffer-size=4  -fPIC -Wmissing-noreturn   -Wl,--no-undefined  conftest.c  >&5
configure:6850: $? = 0
configure:6863: result: yes
configure:6951: checking if x86_64-mandriva-linux-gnu-gcc -std=gnu99 supports-Wmissing-format-attribute
configure:6968: x86_64-mandriva-linux-gnu-gcc -std=gnu99 -o conftest -O2 -Wa,--compress-debug-sections -gdwarf-4 -fvar-tracking-assignments -frecord-gcc-switches -Wstrict-aliasing=2 -pipe -Wformat -Werror=format-security -Wp,-D_FORTIFY_SOURCE=2 -fstack-protector --param=ssp-buffer-size=4  -fPIC -Wmissing-format-attribute   -Wl,--no-undefined  conftest.c  >&5
configure:6968: $? = 0
configure:6981: result: yes
configure:7069: checking if x86_64-mandriva-linux-gnu-gcc -std=gnu99 supports-Wredundant-decls
configure:7086: x86_64-mandriva-linux-gnu-gcc -std=gnu99 -o conftest -O2 -Wa,--compress-debug-sections -gdwarf-4 -fvar-tracking-assignments -frecord-gcc-switches -Wstrict-aliasing=2 -pipe -Wformat -Werror=format-security -Wp,-D_FORTIFY_SOURCE=2 -fstack-protector --param=ssp-buffer-size=4  -fPIC -Wredundant-decls   -Wl,--no-undefined  conftest.c  >&5
configure:7086: $? = 0
configure:7099: result: yes
configure:7199: checking if x86_64-mandriva-linux-gnu-gcc -std=gnu99 supports-Werror=implicit
configure:7216: x86_64-mandriva-linux-gnu-gcc -std=gnu99 -o conftest -O2 -Wa,--compress-debug-sections -gdwarf-4 -fvar-tracking-assignments -frecord-gcc-switches -Wstrict-aliasing=2 -pipe -Wformat -Werror=format-security -Wp,-D_FORTIFY_SOURCE=2 -fstack-protector --param=ssp-buffer-size=4  -fPIC -Werror=implicit   -Wl,--no-undefined  conftest.c  >&5
configure:7216: $? = 0
configure:7229: result: yes
configure:7366: checking if x86_64-mandriva-linux-gnu-gcc -std=gnu99 supports-Werror=nonnull
configure:7383: x86_64-mandriva-linux-gnu-gcc -std=gnu99 -o conftest -O2 -Wa,--compress-debug-sections -gdwarf-4 -fvar-tracking-assignments -frecord-gcc-switches -Wstrict-aliasing=2 -pipe -Wformat -Werror=format-security -Wp,-D_FORTIFY_SOURCE=2 -fstack-protector --param=ssp-buffer-size=4  -fPIC -Werror=nonnull   -Wl,--no-undefined  conftest.c  >&5
configure:7383: $? = 0
configure:7396: result: yes
configure:7484: checking if x86_64-mandriva-linux-gnu-gcc -std=gnu99 supports-Werror=init-self
configure:7501: x86_64-mandriva-linux-gnu-gcc -std=gnu99 -o conftest -O2 -Wa,--compress-debug-sections -gdwarf-4 -fvar-tracking-assignments -frecord-gcc-switches -Wstrict-aliasing=2 -pipe -Wformat -Werror=format-security -Wp,-D_FORTIFY_SOURCE=2 -fstack-protector --param=ssp-buffer-size=4  -fPIC -Werror=init-self   -Wl,--no-undefined  conftest.c  >&5
configure:7501: $? = 0
configure:7514: result: yes
configure:7602: checking if x86_64-mandriva-linux-gnu-gcc -std=gnu99 supports-Werror=main
configure:7619: x86_64-mandriva-linux-gnu-gcc -std=gnu99 -o conftest -O2 -Wa,--compress-debug-sections -gdwarf-4 -fvar-tracking-assignments -frecord-gcc-switches -Wstrict-aliasing=2 -pipe -Wformat -Werror=format-security -Wp,-D_FORTIFY_SOURCE=2 -fstack-protector --param=ssp-buffer-size=4  -fPIC -Werror=main   -Wl,--no-undefined  conftest.c  >&5
configure:7619: $? = 0
configure:7632: result: yes
configure:7720: checking if x86_64-mandriva-linux-gnu-gcc -std=gnu99 supports-Werror=missing-braces
configure:7737: x86_64-mandriva-linux-gnu-gcc -std=gnu99 -o conftest -O2 -Wa,--compress-debug-sections -gdwarf-4 -fvar-tracking-assignments -frecord-gcc-switches -Wstrict-aliasing=2 -pipe -Wformat -Werror=format-security -Wp,-D_FORTIFY_SOURCE=2 -fstack-protector --param=ssp-buffer-size=4  -fPIC -Werror=missing-braces   -Wl,--no-undefined  conftest.c  >&5
configure:7737: $? = 0
configure:7750: result: yes
configure:7838: checking if x86_64-mandriva-linux-gnu-gcc -std=gnu99 supports-Werror=sequence-point
configure:7855: x86_64-mandriva-linux-gnu-gcc -std=gnu99 -o conftest -O2 -Wa,--compress-debug-sections -gdwarf-4 -fvar-tracking-assignments -frecord-gcc-switches -Wstrict-aliasing=2 -pipe -Wformat -Werror=format-security -Wp,-D_FORTIFY_SOURCE=2 -fstack-protector --param=ssp-buffer-size=4  -fPIC -Werror=sequence-point   -Wl,--no-undefined  conftest.c  >&5
configure:7855: $? = 0
configure:7868: result: yes
configure:7956: checking if x86_64-mandriva-linux-gnu-gcc -std=gnu99 supports-Werror=return-type
configure:7973: x86_64-mandriva-linux-gnu-gcc -std=gnu99 -o conftest -O2 -Wa,--compress-debug-sections -gdwarf-4 -fvar-tracking-assignments -frecord-gcc-switches -Wstrict-aliasing=2 -pipe -Wformat -Werror=format-security -Wp,-D_FORTIFY_SOURCE=2 -fstack-protector --param=ssp-buffer-size=4  -fPIC -Werror=return-type   -Wl,--no-undefined  conftest.c  >&5
configure:7973: $? = 0
configure:7986: result: yes
configure:8123: checking if x86_64-mandriva-linux-gnu-gcc -std=gnu99 supports-Werror=trigraphs
configure:8140: x86_64-mandriva-linux-gnu-gcc -std=gnu99 -o conftest -O2 -Wa,--compress-debug-sections -gdwarf-4 -fvar-tracking-assignments -frecord-gcc-switches -Wstrict-aliasing=2 -pipe -Wformat -Werror=format-security -Wp,-D_FORTIFY_SOURCE=2 -fstack-protector --param=ssp-buffer-size=4  -fPIC -Werror=trigraphs   -Wl,--no-undefined  conftest.c  >&5
configure:8140: $? = 0
configure:8153: result: yes
configure:8241: checking if x86_64-mandriva-linux-gnu-gcc -std=gnu99 supports-Werror=array-bounds
configure:8258: x86_64-mandriva-linux-gnu-gcc -std=gnu99 -o conftest -O2 -Wa,--compress-debug-sections -gdwarf-4 -fvar-tracking-assignments -frecord-gcc-switches -Wstrict-aliasing=2 -pipe -Wformat -Werror=format-security -Wp,-D_FORTIFY_SOURCE=2 -fstack-protector --param=ssp-buffer-size=4  -fPIC -Werror=array-bounds   -Wl,--no-undefined  conftest.c  >&5
configure:8258: $? = 0
configure:8271: result: yes
configure:8359: checking if x86_64-mandriva-linux-gnu-gcc -std=gnu99 supports-Werror=write-strings
configure:8376: x86_64-mandriva-linux-gnu-gcc -std=gnu99 -o conftest -O2 -Wa,--compress-debug-sections -gdwarf-4 -fvar-tracking-assignments -frecord-gcc-switches -Wstrict-aliasing=2 -pipe -Wformat -Werror=format-security -Wp,-D_FORTIFY_SOURCE=2 -fstack-protector --param=ssp-buffer-size=4  -fPIC -Werror=write-strings   -Wl,--no-undefined  conftest.c  >&5
configure:8376: $? = 0
configure:8389: result: yes
configure:8477: checking if x86_64-mandriva-linux-gnu-gcc -std=gnu99 supports-Werror=address
configure:8494: x86_64-mandriva-linux-gnu-gcc -std=gnu99 -o conftest -O2 -Wa,--compress-debug-sections -gdwarf-4 -fvar-tracking-assignments -frecord-gcc-switches -Wstrict-aliasing=2 -pipe -Wformat -Werror=format-security -Wp,-D_FORTIFY_SOURCE=2 -fstack-protector --param=ssp-buffer-size=4  -fPIC -Werror=address   -Wl,--no-undefined  conftest.c  >&5
configure:8494: $? = 0
configure:8507: result: yes
configure:8595: checking if x86_64-mandriva-linux-gnu-gcc -std=gnu99 supports-Werror=int-to-pointer-cast
configure:8612: x86_64-mandriva-linux-gnu-gcc -std=gnu99 -o conftest -O2 -Wa,--compress-debug-sections -gdwarf-4 -fvar-tracking-assignments -frecord-gcc-switches -Wstrict-aliasing=2 -pipe -Wformat -Werror=format-security -Wp,-D_FORTIFY_SOURCE=2 -fstack-protector --param=ssp-buffer-size=4  -fPIC -Werror=int-to-pointer-cast   -Wl,--no-undefined  conftest.c  >&5
configure:8612: $? = 0
configure:8625: result: yes
configure:8762: checking if x86_64-mandriva-linux-gnu-gcc -std=gnu99 supports-Werror=pointer-to-int-cast
configure:8779: x86_64-mandriva-linux-gnu-gcc -std=gnu99 -o conftest -O2 -Wa,--compress-debug-sections -gdwarf-4 -fvar-tracking-assignments -frecord-gcc-switches -Wstrict-aliasing=2 -pipe -Wformat -Werror=format-security -Wp,-D_FORTIFY_SOURCE=2 -fstack-protector --param=ssp-buffer-size=4  -fPIC -Werror=pointer-to-int-cast   -Wl,--no-undefined  conftest.c  >&5
configure:8779: $? = 0
configure:8792: result: yes
configure:10450: checking if x86_64-mandriva-linux-gnu-gcc -std=gnu99 supports-pedantic
configure:10467: x86_64-mandriva-linux-gnu-gcc -std=gnu99 -o conftest -O2 -Wa,--compress-debug-sections -gdwarf-4 -fvar-tracking-assignments -frecord-gcc-switches -Wstrict-aliasing=2 -pipe -Wformat -Werror=format-security -Wp,-D_FORTIFY_SOURCE=2 -fstack-protector --param=ssp-buffer-size=4  -fPIC -pedantic   -Wl,--no-undefined  conftest.c  >&5
configure:10467: $? = 0
configure:10480: result: yes
configure:10568: checking if x86_64-mandriva-linux-gnu-gcc -std=gnu99 supports-Werror
configure:10585: x86_64-mandriva-linux-gnu-gcc -std=gnu99 -o conftest -O2 -Wa,--compress-debug-sections -gdwarf-4 -fvar-tracking-assignments -frecord-gcc-switches -Wstrict-aliasing=2 -pipe -Wformat -Werror=format-security -Wp,-D_FORTIFY_SOURCE=2 -fstack-protector --param=ssp-buffer-size=4  -fPIC -Werror   -Wl,--no-undefined  conftest.c  >&5
configure:10585: $? = 0
configure:10598: result: yes
configure:10738: checking if x86_64-mandriva-linux-gnu-gcc -std=gnu99 supports-Werror=attributes
configure:10755: x86_64-mandriva-linux-gnu-gcc -std=gnu99 -o conftest -O2 -Wa,--compress-debug-sections -gdwarf-4 -fvar-tracking-assignments -frecord-gcc-switches -Wstrict-aliasing=2 -pipe -Wformat -Werror=format-security -Wp,-D_FORTIFY_SOURCE=2 -fstack-protector --param=ssp-buffer-size=4  -fPIC -Werror=attributes   -Wl,--no-undefined  conftest.c  >&5
configure:10755: $? = 0
configure:10768: result: yes
configure:10928: checking whether make supports nested variables
configure:10945: result: yes
configure:11036: checking how to print strings
configure:11063: result: printf
configure:11084: checking for a sed that does not truncate output
configure:11148: result: /bin/sed
configure:11166: checking for fgrep
configure:11228: result: /bin/grep -F
configure:11263: checking for ld used by x86_64-mandriva-linux-gnu-gcc -std=gnu99
configure:11330: result: /usr/bin/ld
configure:11337: checking if the linker (/usr/bin/ld) is GNU ld
configure:11352: result: yes
configure:11364: checking for BSD- or MS-compatible name lister (nm)
configure:11413: result: /usr/bin/nm -B
configure:11543: checking the name lister (/usr/bin/nm -B) interface
configure:11550: x86_64-mandriva-linux-gnu-gcc -std=gnu99 -c -O2 -Wa,--compress-debug-sections -gdwarf-4 -fvar-tracking-assignments -frecord-gcc-switches -Wstrict-aliasing=2 -pipe -Wformat -Werror=format-security -Wp,-D_FORTIFY_SOURCE=2 -fstack-protector --param=ssp-buffer-size=4  -fPIC  conftest.c >&5
configure:11553: /usr/bin/nm -B "conftest.o"
configure:11556: output
0000000000000000 B some_variable
configure:11563: result: BSD nm
configure:11566: checking whether ln -s works
configure:11570: result: yes
configure:11578: checking the maximum length of command line arguments
configure:11708: result: 1572864
configure:11725: checking whether the shell understands some XSI constructs
configure:11735: result: yes
configure:11739: checking whether the shell understands "+="
configure:11745: result: yes
configure:11780: checking how to convert x86_64-mandriva-linux-gnu file names to x86_64-mandriva-linux-gnu format
configure:11820: result: func_convert_file_noop
configure:11827: checking how to convert x86_64-mandriva-linux-gnu file names to toolchain format
configure:11847: result: func_convert_file_noop
configure:11854: checking for /usr/bin/ld option to reload object files
configure:11861: result: -r
configure:11895: checking for x86_64-mandriva-linux-gnu-objdump
configure:11911: found /usr/bin/x86_64-mandriva-linux-gnu-objdump
configure:11922: result: x86_64-mandriva-linux-gnu-objdump
configure:11994: checking how to recognize dependent libraries
configure:12196: result: pass_all
configure:12241: checking for x86_64-mandriva-linux-gnu-dlltool
configure:12271: result: no
configure:12281: checking for dlltool
configure:12311: result: no
configure:12341: checking how to associate runtime and link libraries
configure:12368: result: printf %s\n
configure:12384: checking for x86_64-mandriva-linux-gnu-ar
configure:12400: found /usr/bin/x86_64-mandriva-linux-gnu-ar
configure:12411: result: x86_64-mandriva-linux-gnu-ar
configure:12492: checking for archiver @FILE support
configure:12509: x86_64-mandriva-linux-gnu-gcc -std=gnu99 -c -O2 -Wa,--compress-debug-sections -gdwarf-4 -fvar-tracking-assignments -frecord-gcc-switches -Wstrict-aliasing=2 -pipe -Wformat -Werror=format-security -Wp,-D_FORTIFY_SOURCE=2 -fstack-protector --param=ssp-buffer-size=4  -fPIC  conftest.c >&5
configure:12509: $? = 0
configure:12512: x86_64-mandriva-linux-gnu-ar cru libconftest.a @conftest.lst >&5
configure:12515: $? = 0
configure:12520: x86_64-mandriva-linux-gnu-ar cru libconftest.a @conftest.lst >&5
x86_64-mandriva-linux-gnu-ar: conftest.o: No such file or directory
configure:12523: $? = 1
configure:12535: result: @
configure:12553: checking for x86_64-mandriva-linux-gnu-strip
configure:12569: found /usr/bin/x86_64-mandriva-linux-gnu-strip
configure:12580: result: x86_64-mandriva-linux-gnu-strip
configure:12652: checking for x86_64-mandriva-linux-gnu-ranlib
configure:12668: found /usr/bin/x86_64-mandriva-linux-gnu-ranlib
configure:12679: result: x86_64-mandriva-linux-gnu-ranlib
configure:12821: checking command to parse /usr/bin/nm -B output from x86_64-mandriva-linux-gnu-gcc -std=gnu99 object
configure:12941: x86_64-mandriva-linux-gnu-gcc -std=gnu99 -c -O2 -Wa,--compress-debug-sections -gdwarf-4 -fvar-tracking-assignments -frecord-gcc-switches -Wstrict-aliasing=2 -pipe -Wformat -Werror=format-security -Wp,-D_FORTIFY_SOURCE=2 -fstack-protector --param=ssp-buffer-size=4  -fPIC  conftest.c >&5
configure:12944: $? = 0
configure:12948: /usr/bin/nm -B conftest.o \| sed -n -e 's/^.*[ ]\([ABCDGIRSTW][ABCDGIRSTW]*\)[ ][ ]*\([_A-Za-z][_A-Za-z0-9]*\)$/\1 \2 \2/p' | sed '/ __gnu_lto/d' \> conftest.nm
configure:12951: $? = 0
configure:13017: x86_64-mandriva-linux-gnu-gcc -std=gnu99 -o conftest -O2 -Wa,--compress-debug-sections -gdwarf-4 -fvar-tracking-assignments -frecord-gcc-switches -Wstrict-aliasing=2 -pipe -Wformat -Werror=format-security -Wp,-D_FORTIFY_SOURCE=2 -fstack-protector --param=ssp-buffer-size=4  -fPIC   -Wl,--no-undefined  conftest.c conftstm.o >&5
configure:13020: $? = 0
configure:13058: result: ok
configure:13095: checking for sysroot
configure:13125: result: no
configure:13202: x86_64-mandriva-linux-gnu-gcc -std=gnu99 -c -O2 -Wa,--compress-debug-sections -gdwarf-4 -fvar-tracking-assignments -frecord-gcc-switches -Wstrict-aliasing=2 -pipe -Wformat -Werror=format-security -Wp,-D_FORTIFY_SOURCE=2 -fstack-protector --param=ssp-buffer-size=4  -fPIC  conftest.c >&5
configure:13205: $? = 0
configure:13341: checking for x86_64-mandriva-linux-gnu-mt
configure:13371: result: no
configure:13381: checking for mt
configure:13411: result: no
configure:13431: checking if : is a manifest tool
configure:13437: : '-?'
configure:13445: result: no
configure:14084: checking for dlfcn.h
configure:14084: x86_64-mandriva-linux-gnu-gcc -std=gnu99 -c -O2 -Wa,--compress-debug-sections -gdwarf-4 -fvar-tracking-assignments -frecord-gcc-switches -Wstrict-aliasing=2 -pipe -Wformat -Werror=format-security -Wp,-D_FORTIFY_SOURCE=2 -fstack-protector --param=ssp-buffer-size=4  -fPIC  conftest.c >&5
configure:14084: $? = 0
configure:14084: result: yes
configure:14260: checking for objdir
configure:14275: result: .libs
configure:14542: checking if x86_64-mandriva-linux-gnu-gcc -std=gnu99 supports -fno-rtti -fno-exceptions
configure:14560: x86_64-mandriva-linux-gnu-gcc -std=gnu99 -c -O2 -Wa,--compress-debug-sections -gdwarf-4 -fvar-tracking-assignments -frecord-gcc-switches -Wstrict-aliasing=2 -pipe -Wformat -Werror=format-security -Wp,-D_FORTIFY_SOURCE=2 -fstack-protector --param=ssp-buffer-size=4  -fPIC  -fno-rtti -fno-exceptions conftest.c >&5
cc1: warning: command line option '-fno-rtti' is valid for C++/ObjC++ but not for C [enabled by default]
configure:14564: $? = 0
configure:14577: result: no
configure:14904: checking for x86_64-mandriva-linux-gnu-gcc -std=gnu99 option to produce PIC
configure:14911: result: -fPIC -DPIC
configure:14919: checking if x86_64-mandriva-linux-gnu-gcc -std=gnu99 PIC flag -fPIC -DPIC works
configure:14937: x86_64-mandriva-linux-gnu-gcc -std=gnu99 -c -O2 -Wa,--compress-debug-sections -gdwarf-4 -fvar-tracking-assignments -frecord-gcc-switches -Wstrict-aliasing=2 -pipe -Wformat -Werror=format-security -Wp,-D_FORTIFY_SOURCE=2 -fstack-protector --param=ssp-buffer-size=4  -fPIC  -fPIC -DPIC -DPIC conftest.c >&5
configure:14941: $? = 0
configure:14954: result: yes
configure:14983: checking if x86_64-mandriva-linux-gnu-gcc -std=gnu99 static flag -static works
configure:15011: result: yes
configure:15026: checking if x86_64-mandriva-linux-gnu-gcc -std=gnu99 supports -c -o file.o
configure:15047: x86_64-mandriva-linux-gnu-gcc -std=gnu99 -c -O2 -Wa,--compress-debug-sections -gdwarf-4 -fvar-tracking-assignments -frecord-gcc-switches -Wstrict-aliasing=2 -pipe -Wformat -Werror=format-security -Wp,-D_FORTIFY_SOURCE=2 -fstack-protector --param=ssp-buffer-size=4  -fPIC  -o out/conftest2.o conftest.c >&5
configure:15051: $? = 0
configure:15073: result: yes
configure:15081: checking if x86_64-mandriva-linux-gnu-gcc -std=gnu99 supports -c -o file.o
configure:15128: result: yes
configure:15161: checking whether the x86_64-mandriva-linux-gnu-gcc -std=gnu99 linker (/usr/bin/ld -m elf_x86_64) supports shared libraries
configure:16315: result: yes
configure:16352: checking whether -lc should be explicitly linked in
configure:16360: x86_64-mandriva-linux-gnu-gcc -std=gnu99 -c -O2 -Wa,--compress-debug-sections -gdwarf-4 -fvar-tracking-assignments -frecord-gcc-switches -Wstrict-aliasing=2 -pipe -Wformat -Werror=format-security -Wp,-D_FORTIFY_SOURCE=2 -fstack-protector --param=ssp-buffer-size=4  -fPIC  conftest.c >&5
configure:16363: $? = 0
configure:16378: x86_64-mandriva-linux-gnu-gcc -std=gnu99 -shared  -fPIC -DPIC conftest.o  -v -Wl,-soname -Wl,conftest -o conftest 2\>\&1 \| /bin/grep  -lc  \>/dev/null 2\>\&1
configure:16381: $? = 0
configure:16395: result: no
configure:16555: checking dynamic linker characteristics
configure:17066: x86_64-mandriva-linux-gnu-gcc -std=gnu99 -o conftest -O2 -Wa,--compress-debug-sections -gdwarf-4 -fvar-tracking-assignments -frecord-gcc-switches -Wstrict-aliasing=2 -pipe -Wformat -Werror=format-security -Wp,-D_FORTIFY_SOURCE=2 -fstack-protector --param=ssp-buffer-size=4  -fPIC   -Wl,--no-undefined  -Wl,-rpath -Wl,/foo conftest.c  >&5
configure:17066: $? = 0
configure:17292: result: GNU/Linux ld.so
configure:17399: checking how to hardcode library paths into programs
configure:17424: result: immediate
configure:17964: checking whether stripping libraries is possible
configure:17969: result: yes
configure:18004: checking if libtool supports shared libraries
configure:18006: result: yes
configure:18009: checking whether to build shared libraries
configure:18030: result: yes
configure:18033: checking whether to build static libraries
configure:18037: result: no
configure:18077: checking whether x86_64-mandriva-linux-gnu-gcc -std=gnu99 and cc understand -c and -o together
configure:18108: x86_64-mandriva-linux-gnu-gcc -std=gnu99 -c conftest.c -o conftest2.o >&5
configure:18112: $? = 0
configure:18118: x86_64-mandriva-linux-gnu-gcc -std=gnu99 -c conftest.c -o conftest2.o >&5
configure:18122: $? = 0
configure:18133: cc -c conftest.c >&5
configure:18137: $? = 0
configure:18145: cc -c conftest.c -o conftest2.o >&5
configure:18149: $? = 0
configure:18155: cc -c conftest.c -o conftest2.o >&5
configure:18159: $? = 0
configure:18177: result: yes
configure:18240: x86_64-mandriva-linux-gnu-gcc -std=gnu99 -c -O2 -Wa,--compress-debug-sections -gdwarf-4 -fvar-tracking-assignments -frecord-gcc-switches -Wstrict-aliasing=2 -pipe -Wformat -Werror=format-security -Wp,-D_FORTIFY_SOURCE=2 -fstack-protector --param=ssp-buffer-size=4  -fPIC -I/usr/include/xorg  -Wall conftest.c >&5
configure:18240: $? = 0
configure:18247: checking if RANDR is defined
configure:18249: result: yes
configure:18275: x86_64-mandriva-linux-gnu-gcc -std=gnu99 -c -O2 -Wa,--compress-debug-sections -gdwarf-4 -fvar-tracking-assignments -frecord-gcc-switches -Wstrict-aliasing=2 -pipe -Wformat -Werror=format-security -Wp,-D_FORTIFY_SOURCE=2 -fstack-protector --param=ssp-buffer-size=4  -fPIC -I/usr/include/xorg  -Wall conftest.c >&5
configure:18275: $? = 0
configure:18282: checking if RENDER is defined
configure:18284: result: yes
configure:18310: x86_64-mandriva-linux-gnu-gcc -std=gnu99 -c -O2 -Wa,--compress-debug-sections -gdwarf-4 -fvar-tracking-assignments -frecord-gcc-switches -Wstrict-aliasing=2 -pipe -Wformat -Werror=format-security -Wp,-D_FORTIFY_SOURCE=2 -fstack-protector --param=ssp-buffer-size=4  -fPIC -I/usr/include/xorg  -Wall conftest.c >&5
configure:18310: $? = 0
configure:18317: checking if XV is defined
configure:18319: result: yes
configure:18345: x86_64-mandriva-linux-gnu-gcc -std=gnu99 -c -O2 -Wa,--compress-debug-sections -gdwarf-4 -fvar-tracking-assignments -frecord-gcc-switches -Wstrict-aliasing=2 -pipe -Wformat -Werror=format-security -Wp,-D_FORTIFY_SOURCE=2 -fstack-protector --param=ssp-buffer-size=4  -fPIC -I/usr/include/xorg  -Wall conftest.c >&5
configure:18345: $? = 0
configure:18352: checking if DPMSExtension is defined
configure:18354: result: yes
configure:18364: checking for LIBDRM
configure:18371: $PKG_CONFIG --exists --print-errors "libdrm >= 2.4.36"
configure:18374: $? = 0
configure:18388: $PKG_CONFIG --exists --print-errors "libdrm >= 2.4.36"
configure:18391: $? = 0
configure:18449: result: yes
configure:18455: checking for LIBDRM_RADEON
configure:18462: $PKG_CONFIG --exists --print-errors "libdrm_radeon"
configure:18465: $? = 0
configure:18479: $PKG_CONFIG --exists --print-errors "libdrm_radeon"
configure:18482: $? = 0
configure:18540: result: yes
configure:18548: checking for XORG
configure:18555: $PKG_CONFIG --exists --print-errors "xorg-server >= 1.6.2 xproto fontsproto xf86driproto $REQUIRED_MODULES"
configure:18558: $? = 0
configure:18572: $PKG_CONFIG --exists --print-errors "xorg-server >= 1.6.2 xproto fontsproto xf86driproto $REQUIRED_MODULES"
configure:18575: $? = 0
configure:18633: result: yes
configure:18639: checking for XEXT
configure:18646: $PKG_CONFIG --exists --print-errors "xextproto >= 7.0.99.1"
configure:18649: $? = 0
configure:18663: $PKG_CONFIG --exists --print-errors "xextproto >= 7.0.99.1"
configure:18666: $? = 0
configure:18704: result: yes
configure:18729: checking for LIBUDEV
configure:18736: $PKG_CONFIG --exists --print-errors "libudev"
configure:18739: $? = 0
configure:18753: $PKG_CONFIG --exists --print-errors "libudev"
configure:18756: $? = 0
configure:18794: result: yes
configure:18818: checking whether to include GLAMOR support
configure:18827: result: no
configure:19025: checking whether xf86ModeBandwidth is declared
configure:19025: x86_64-mandriva-linux-gnu-gcc -std=gnu99 -c -O2 -Wa,--compress-debug-sections -gdwarf-4 -fvar-tracking-assignments -frecord-gcc-switches -Wstrict-aliasing=2 -pipe -Wformat -Werror=format-security -Wp,-D_FORTIFY_SOURCE=2 -fstack-protector --param=ssp-buffer-size=4  -fPIC  -Wall -fvisibility=hidden -I/usr/include/xorg -I/usr/include/pixman-1 -I/usr/include/libdrm -I/usr/include/X11/dri  conftest.c >&5
configure:19025: $? = 0
configure:19025: result: yes
configure:19035: checking whether xf86_crtc_clip_video_helper is declared
configure:19035: x86_64-mandriva-linux-gnu-gcc -std=gnu99 -c -O2 -Wa,--compress-debug-sections -gdwarf-4 -fvar-tracking-assignments -frecord-gcc-switches -Wstrict-aliasing=2 -pipe -Wformat -Werror=format-security -Wp,-D_FORTIFY_SOURCE=2 -fstack-protector --param=ssp-buffer-size=4  -fPIC  -Wall -fvisibility=hidden -I/usr/include/xorg -I/usr/include/pixman-1 -I/usr/include/libdrm -I/usr/include/X11/dri  conftest.c >&5
configure:19035: $? = 0
configure:19035: result: yes
configure:19047: checking whether xf86RotateFreeShadow is declared
configure:19047: x86_64-mandriva-linux-gnu-gcc -std=gnu99 -c -O2 -Wa,--compress-debug-sections -gdwarf-4 -fvar-tracking-assignments -frecord-gcc-switches -Wstrict-aliasing=2 -pipe -Wformat -Werror=format-security -Wp,-D_FORTIFY_SOURCE=2 -fstack-protector --param=ssp-buffer-size=4  -fPIC  -Wall -fvisibility=hidden -I/usr/include/xorg -I/usr/include/pixman-1 -I/usr/include/libdrm -I/usr/include/X11/dri  conftest.c >&5
configure:19047: $? = 0
configure:19047: result: yes
configure:19058: checking whether pci_device_enable is declared
configure:19058: x86_64-mandriva-linux-gnu-gcc -std=gnu99 -c -O2 -Wa,--compress-debug-sections -gdwarf-4 -fvar-tracking-assignments -frecord-gcc-switches -Wstrict-aliasing=2 -pipe -Wformat -Werror=format-security -Wp,-D_FORTIFY_SOURCE=2 -fstack-protector --param=ssp-buffer-size=4  -fPIC  -Wall -fvisibility=hidden -I/usr/include/xorg -I/usr/include/pixman-1 -I/usr/include/libdrm -I/usr/include/X11/dri  conftest.c >&5
configure:19058: $? = 0
configure:19058: result: yes
configure:19067: checking whether XSERVER_LIBPCIACCESS is declared
configure:19067: x86_64-mandriva-linux-gnu-gcc -std=gnu99 -c -O2 -Wa,--compress-debug-sections -gdwarf-4 -fvar-tracking-assignments -frecord-gcc-switches -Wstrict-aliasing=2 -pipe -Wformat -Werror=format-security -Wp,-D_FORTIFY_SOURCE=2 -fstack-protector --param=ssp-buffer-size=4  -fPIC  -Wall -fvisibility=hidden -I/usr/include/xorg -I/usr/include/pixman-1 -I/usr/include/libdrm -I/usr/include/X11/dri  conftest.c >&5
configure:19067: $? = 0
configure:19067: result: yes
configure:19078: checking for list.h
configure:19078: x86_64-mandriva-linux-gnu-gcc -std=gnu99 -c -O2 -Wa,--compress-debug-sections -gdwarf-4 -fvar-tracking-assignments -frecord-gcc-switches -Wstrict-aliasing=2 -pipe -Wformat -Werror=format-security -Wp,-D_FORTIFY_SOURCE=2 -fstack-protector --param=ssp-buffer-size=4  -fPIC  -Wall -fvisibility=hidden -I/usr/include/xorg -I/usr/include/pixman-1 -I/usr/include/libdrm -I/usr/include/X11/dri  conftest.c >&5
configure:19078: $? = 0
configure:19078: result: yes
configure:19094: checking whether xorg_list_init is declared
configure:19094: x86_64-mandriva-linux-gnu-gcc -std=gnu99 -c -O2 -Wa,--compress-debug-sections -gdwarf-4 -fvar-tracking-assignments -frecord-gcc-switches -Wstrict-aliasing=2 -pipe -Wformat -Werror=format-security -Wp,-D_FORTIFY_SOURCE=2 -fstack-protector --param=ssp-buffer-size=4  -fPIC  -Wall -fvisibility=hidden -I/usr/include/xorg -I/usr/include/pixman-1 -I/usr/include/libdrm -I/usr/include/X11/dri  conftest.c >&5
configure:19094: $? = 0
configure:19094: result: yes
configure:19111: checking for PCIACCESS
configure:19118: $PKG_CONFIG --exists --print-errors "pciaccess >= 0.8.0"
configure:19121: $? = 0
configure:19135: $PKG_CONFIG --exists --print-errors "pciaccess >= 0.8.0"
configure:19138: $? = 0
configure:19196: result: yes
configure:19221: checking byteswap.h usability
configure:19221: x86_64-mandriva-linux-gnu-gcc -std=gnu99 -c -O2 -Wa,--compress-debug-sections -gdwarf-4 -fvar-tracking-assignments -frecord-gcc-switches -Wstrict-aliasing=2 -pipe -Wformat -Werror=format-security -Wp,-D_FORTIFY_SOURCE=2 -fstack-protector --param=ssp-buffer-size=4  -fPIC  -Wall conftest.c >&5
configure:19221: $? = 0
configure:19221: result: yes
configure:19221: checking byteswap.h presence
configure:19221: x86_64-mandriva-linux-gnu-gcc -std=gnu99 -E  -Wall conftest.c
configure:19221: $? = 0
configure:19221: result: yes
configure:19221: checking for byteswap.h
configure:19221: result: yes
configure:19233: checking sys/endian.h usability
configure:19233: x86_64-mandriva-linux-gnu-gcc -std=gnu99 -c -O2 -Wa,--compress-debug-sections -gdwarf-4 -fvar-tracking-assignments -frecord-gcc-switches -Wstrict-aliasing=2 -pipe -Wformat -Werror=format-security -Wp,-D_FORTIFY_SOURCE=2 -fstack-protector --param=ssp-buffer-size=4  -fPIC  -Wall conftest.c >&5
conftest.c:68:24: fatal error: sys/endian.h: No such file or directory
compilation terminated.
configure:19233: $? = 1
configure: failed program was:
| /* confdefs.h */
| #define PACKAGE_NAME "xf86-video-ati"
| #define PACKAGE_TARNAME "xf86-video-ati"
| #define PACKAGE_VERSION "7.0.0"
| #define PACKAGE_STRING "xf86-video-ati 7.0.0"
| #define PACKAGE_BUGREPORT "https://bugs.freedesktop.org/enter_bug.cgi?product=xorg"
| #define PACKAGE_URL ""
| #define PACKAGE "xf86-video-ati"
| #define VERSION "7.0.0"
| #define STDC_HEADERS 1
| #define HAVE_SYS_TYPES_H 1
| #define HAVE_SYS_STAT_H 1
| #define HAVE_STDLIB_H 1
| #define HAVE_STRING_H 1
| #define HAVE_MEMORY_H 1
| #define HAVE_STRINGS_H 1
| #define HAVE_INTTYPES_H 1
| #define HAVE_STDINT_H 1
| #define HAVE_UNISTD_H 1
| #define PACKAGE_VERSION_MAJOR 7
| #define PACKAGE_VERSION_MINOR 0
| #define PACKAGE_VERSION_PATCHLEVEL 0
| #define HAVE_DLFCN_H 1
| #define LT_OBJDIR ".libs/"
| #define HAVE_XEXTPROTO_71 1
| #define HAVE_LIBUDEV 1
| #define HAVE_XF86MODEBANDWIDTH 1
| #define HAVE_XF86CRTCCLIPVIDEOHELPER 1
| #define HAVE_FREE_SHADOW 1
| #define HAVE_PCI_DEVICE_ENABLE 1
| #define HAVE_LIST_H 1
| #define HAVE_XORG_LIST 1
| #define HAVE_BYTESWAP_H 1
| /* end confdefs.h.  */
| #include <stdio.h>
| #ifdef HAVE_SYS_TYPES_H
| # include <sys/types.h>
| #endif
| #ifdef HAVE_SYS_STAT_H
| # include <sys/stat.h>
| #endif
| #ifdef STDC_HEADERS
| # include <stdlib.h>
| # include <stddef.h>
| #else
| # ifdef HAVE_STDLIB_H
| #  include <stdlib.h>
| # endif
| #endif
| #ifdef HAVE_STRING_H
| # if !defined STDC_HEADERS && defined HAVE_MEMORY_H
| #  include <memory.h>
| # endif
| # include <string.h>
| #endif
| #ifdef HAVE_STRINGS_H
| # include <strings.h>
| #endif
| #ifdef HAVE_INTTYPES_H
| # include <inttypes.h>
| #endif
| #ifdef HAVE_STDINT_H
| # include <stdint.h>
| #endif
| #ifdef HAVE_UNISTD_H
| # include <unistd.h>
| #endif
| #include <sys/endian.h>
configure:19233: result: no
configure:19233: checking sys/endian.h presence
configure:19233: x86_64-mandriva-linux-gnu-gcc -std=gnu99 -E  -Wall conftest.c
conftest.c:35:24: fatal error: sys/endian.h: No such file or directory
compilation terminated.
configure:19233: $? = 1
configure: failed program was:
| /* confdefs.h */
| #define PACKAGE_NAME "xf86-video-ati"
| #define PACKAGE_TARNAME "xf86-video-ati"
| #define PACKAGE_VERSION "7.0.0"
| #define PACKAGE_STRING "xf86-video-ati 7.0.0"
| #define PACKAGE_BUGREPORT "https://bugs.freedesktop.org/enter_bug.cgi?product=xorg"
| #define PACKAGE_URL ""
| #define PACKAGE "xf86-video-ati"
| #define VERSION "7.0.0"
| #define STDC_HEADERS 1
| #define HAVE_SYS_TYPES_H 1
| #define HAVE_SYS_STAT_H 1
| #define HAVE_STDLIB_H 1
| #define HAVE_STRING_H 1
| #define HAVE_MEMORY_H 1
| #define HAVE_STRINGS_H 1
| #define HAVE_INTTYPES_H 1
| #define HAVE_STDINT_H 1
| #define HAVE_UNISTD_H 1
| #define PACKAGE_VERSION_MAJOR 7
| #define PACKAGE_VERSION_MINOR 0
| #define PACKAGE_VERSION_PATCHLEVEL 0
| #define HAVE_DLFCN_H 1
| #define LT_OBJDIR ".libs/"
| #define HAVE_XEXTPROTO_71 1
| #define HAVE_LIBUDEV 1
| #define HAVE_XF86MODEBANDWIDTH 1
| #define HAVE_XF86CRTCCLIPVIDEOHELPER 1
| #define HAVE_FREE_SHADOW 1
| #define HAVE_PCI_DEVICE_ENABLE 1
| #define HAVE_LIST_H 1
| #define HAVE_XORG_LIST 1
| #define HAVE_BYTESWAP_H 1
| /* end confdefs.h.  */
| #include <sys/endian.h>
configure:19233: result: no
configure:19233: checking for sys/endian.h
configure:19233: result: no
configure:19345: The atimisc sub-driver has been split out to xf86-video-mach64:
    git://anongit.freedesktop.org/git/xorg/driver/xf86-video-mach64
Please install that driver as well for mach64-based cards.

configure:19354: The r128 sub-driver has been split out to xf86-video-r128:
    git://anongit.freedesktop.org/git/xorg/driver/xf86-video-r128
Please install that driver as well for rage128-based cards.

configure:19471: checking that generated files are newer than configure
configure:19477: result: done
configure:19520: creating ./config.status

## ---------------------- ##
## Running config.status. ##
## ---------------------- ##

This file was extended by xf86-video-ati config.status 7.0.0, which was
generated by GNU Autoconf 2.69.  Invocation command line was

  CONFIG_FILES    = 
  CONFIG_HEADERS  = 
  CONFIG_LINKS    = 
  CONFIG_COMMANDS = 
  $ ./config.status 

on localhost

config.status:1157: creating Makefile
config.status:1157: creating src/Makefile
config.status:1157: creating man/Makefile
config.status:1157: creating config.h
config.status:1386: executing depfiles commands
config.status:1386: executing libtool commands
configure:21742: WARNING: unrecognized options: --disable-rpath

## ---------------- ##
## Cache variables. ##
## ---------------- ##

ac_cv_build=x86_64-mandriva-linux-gnu
ac_cv_c_compiler_gnu=yes
ac_cv_env_CC_set=
ac_cv_env_CC_value=
ac_cv_env_CFLAGS_set=set
ac_cv_env_CFLAGS_value='-O2 -Wa,--compress-debug-sections -gdwarf-4 -fvar-tracking-assignments -frecord-gcc-switches -Wstrict-aliasing=2 -pipe -Wformat -Werror=format-security -Wp,-D_FORTIFY_SOURCE=2 -fstack-protector --param=ssp-buffer-size=4  -fPIC'
ac_cv_env_CPPFLAGS_set=
ac_cv_env_CPPFLAGS_value=
ac_cv_env_CPP_set=
ac_cv_env_CPP_value=
ac_cv_env_LDFLAGS_set=set
ac_cv_env_LDFLAGS_value=' -Wl,--no-undefined '
ac_cv_env_LIBDRM_CFLAGS_set=
ac_cv_env_LIBDRM_CFLAGS_value=
ac_cv_env_LIBDRM_LIBS_set=
ac_cv_env_LIBDRM_LIBS_value=
ac_cv_env_LIBDRM_RADEON_CFLAGS_set=
ac_cv_env_LIBDRM_RADEON_CFLAGS_value=
ac_cv_env_LIBDRM_RADEON_LIBS_set=
ac_cv_env_LIBDRM_RADEON_LIBS_value=
ac_cv_env_LIBGLAMOR_CFLAGS_set=
ac_cv_env_LIBGLAMOR_CFLAGS_value=
ac_cv_env_LIBGLAMOR_EGL_CFLAGS_set=
ac_cv_env_LIBGLAMOR_EGL_CFLAGS_value=
ac_cv_env_LIBGLAMOR_EGL_LIBS_set=
ac_cv_env_LIBGLAMOR_EGL_LIBS_value=
ac_cv_env_LIBGLAMOR_LIBS_set=
ac_cv_env_LIBGLAMOR_LIBS_value=
ac_cv_env_LIBS_set=
ac_cv_env_LIBS_value=
ac_cv_env_LIBUDEV_CFLAGS_set=
ac_cv_env_LIBUDEV_CFLAGS_value=
ac_cv_env_LIBUDEV_LIBS_set=
ac_cv_env_LIBUDEV_LIBS_value=
ac_cv_env_PCIACCESS_CFLAGS_set=
ac_cv_env_PCIACCESS_CFLAGS_value=
ac_cv_env_PCIACCESS_LIBS_set=
ac_cv_env_PCIACCESS_LIBS_value=
ac_cv_env_PKG_CONFIG_LIBDIR_set=
ac_cv_env_PKG_CONFIG_LIBDIR_value=
ac_cv_env_PKG_CONFIG_PATH_set=
ac_cv_env_PKG_CONFIG_PATH_value=
ac_cv_env_PKG_CONFIG_set=
ac_cv_env_PKG_CONFIG_value=
ac_cv_env_XEXT_CFLAGS_set=
ac_cv_env_XEXT_CFLAGS_value=
ac_cv_env_XEXT_LIBS_set=
ac_cv_env_XEXT_LIBS_value=
ac_cv_env_XORG_CFLAGS_set=
ac_cv_env_XORG_CFLAGS_value=
ac_cv_env_XORG_LIBS_set=
ac_cv_env_XORG_LIBS_value=
ac_cv_env_build_alias_set=set
ac_cv_env_build_alias_value=x86_64-mandriva-linux-gnu
ac_cv_env_host_alias_set=set
ac_cv_env_host_alias_value=x86_64-mandriva-linux-gnu
ac_cv_env_target_alias_set=set
ac_cv_env_target_alias_value=x86_64-mandriva-linux-gnu
ac_cv_have_decl_XSERVER_LIBPCIACCESS=yes
ac_cv_have_decl___INTEL_COMPILER=no
ac_cv_have_decl___SUNPRO_C=no
ac_cv_have_decl___clang__=no
ac_cv_have_decl_pci_device_enable=yes
ac_cv_have_decl_xf86ModeBandwidth=yes
ac_cv_have_decl_xf86RotateFreeShadow=yes
ac_cv_have_decl_xf86_crtc_clip_video_helper=yes
ac_cv_have_decl_xorg_list_init=yes
ac_cv_header_byteswap_h=yes
ac_cv_header_dlfcn_h=yes
ac_cv_header_inttypes_h=yes
ac_cv_header_list_h=yes
ac_cv_header_memory_h=yes
ac_cv_header_stdc=yes
ac_cv_header_stdint_h=yes
ac_cv_header_stdlib_h=yes
ac_cv_header_string_h=yes
ac_cv_header_strings_h=yes
ac_cv_header_sys_endian_h=no
ac_cv_header_sys_stat_h=yes
ac_cv_header_sys_types_h=yes
ac_cv_header_unistd_h=yes
ac_cv_host=x86_64-mandriva-linux-gnu
ac_cv_objext=o
ac_cv_path_EGREP='/bin/grep -E'
ac_cv_path_FGREP='/bin/grep -F'
ac_cv_path_GREP=/bin/grep
ac_cv_path_PKG_CONFIG=/usr/bin/x86_64-mandriva-linux-gnu-pkg-config
ac_cv_path_SED=/bin/sed
ac_cv_path_install='/usr/bin/install -c'
ac_cv_path_mkdir=/bin/mkdir
ac_cv_prog_AR=x86_64-mandriva-linux-gnu-ar
ac_cv_prog_AWK=gawk
ac_cv_prog_CC=x86_64-mandriva-linux-gnu-gcc
ac_cv_prog_CPP='x86_64-mandriva-linux-gnu-gcc -std=gnu99 -E'
ac_cv_prog_OBJDUMP=x86_64-mandriva-linux-gnu-objdump
ac_cv_prog_RANLIB=x86_64-mandriva-linux-gnu-ranlib
ac_cv_prog_STRIP=x86_64-mandriva-linux-gnu-strip
ac_cv_prog_cc_c89=
ac_cv_prog_cc_c99=-std=gnu99
ac_cv_prog_cc_g=yes
ac_cv_prog_cc_x86_64_mandriva_linux_gnu_gcc_c_o=yes
ac_cv_prog_make_make_set=yes
ac_cv_sys_file_offset_bits=no
ac_cv_sys_largefile_CC=no
am_cv_CC_dependencies_compiler_type=none
am_cv_make_support_nested_variables=yes
lt_cv_ar_at_file=@
lt_cv_archive_cmds_need_lc=no
lt_cv_deplibs_check_method=pass_all
lt_cv_file_magic_cmd='$MAGIC_CMD'
lt_cv_file_magic_test_file=
lt_cv_ld_reload_flag=-r
lt_cv_nm_interface='BSD nm'
lt_cv_objdir=.libs
lt_cv_path_LD=/usr/bin/ld
lt_cv_path_NM='/usr/bin/nm -B'
lt_cv_path_mainfest_tool=no
lt_cv_prog_compiler_c_o=yes
lt_cv_prog_compiler_pic='-fPIC -DPIC'
lt_cv_prog_compiler_pic_works=yes
lt_cv_prog_compiler_rtti_exceptions=no
lt_cv_prog_compiler_static_works=yes
lt_cv_prog_gnu_ld=yes
lt_cv_sharedlib_from_linklib_cmd='printf %s\n'
lt_cv_shlibpath_overrides_runpath=yes
lt_cv_sys_global_symbol_pipe='sed -n -e '\''s/^.*[	 ]\([ABCDGIRSTW][ABCDGIRSTW]*\)[	 ][	 ]*\([_A-Za-z][_A-Za-z0-9]*\)$/\1 \2 \2/p'\'' | sed '\''/ __gnu_lto/d'\'''
lt_cv_sys_global_symbol_to_c_name_address='sed -n -e '\''s/^: \([^ ]*\)[ ]*$/  {\"\1\", (void *) 0},/p'\'' -e '\''s/^[ABCDGIRSTW]* \([^ ]*\) \([^ ]*\)$/  {"\2", (void *) \&\2},/p'\'''
lt_cv_sys_global_symbol_to_c_name_address_lib_prefix='sed -n -e '\''s/^: \([^ ]*\)[ ]*$/  {\"\1\", (void *) 0},/p'\'' -e '\''s/^[ABCDGIRSTW]* \([^ ]*\) \(lib[^ ]*\)$/  {"\2", (void *) \&\2},/p'\'' -e '\''s/^[ABCDGIRSTW]* \([^ ]*\) \([^ ]*\)$/  {"lib\2", (void *) \&\2},/p'\'''
lt_cv_sys_global_symbol_to_cdecl='sed -n -e '\''s/^T .* \(.*\)$/extern int \1();/p'\'' -e '\''s/^[ABCDGIRSTW]* .* \(.*\)$/extern char \1;/p'\'''
lt_cv_sys_max_cmd_len=1572864
lt_cv_to_host_file_cmd=func_convert_file_noop
lt_cv_to_tool_file_cmd=func_convert_file_noop
pkg_cv_LIBDRM_CFLAGS='-I/usr/include/libdrm '
pkg_cv_LIBDRM_LIBS='-ldrm '
pkg_cv_LIBDRM_RADEON_CFLAGS='-I/usr/include/libdrm '
pkg_cv_LIBDRM_RADEON_LIBS='-ldrm_radeon '
pkg_cv_LIBUDEV_CFLAGS=
pkg_cv_LIBUDEV_LIBS='-ludev -lrt '
pkg_cv_PCIACCESS_CFLAGS=
pkg_cv_PCIACCESS_LIBS='-lpciaccess '
pkg_cv_XEXT_CFLAGS=
pkg_cv_XEXT_LIBS=
pkg_cv_XORG_CFLAGS='-fvisibility=hidden -I/usr/include/xorg -I/usr/include/pixman-1 -I/usr/include/libdrm -I/usr/include/X11/dri '
pkg_cv_XORG_LIBS=
xorg_cv_cc_flag__Wall=yes
xorg_cv_cc_flag__Wbad_function_cast=yes
xorg_cv_cc_flag__Wcast_qual=yes
xorg_cv_cc_flag__Wdeclaration_after_statement=yes
xorg_cv_cc_flag__Werror=yes
xorg_cv_cc_flag__Werror_address=yes
xorg_cv_cc_flag__Werror_array_bounds=yes
xorg_cv_cc_flag__Werror_attributes=yes
xorg_cv_cc_flag__Werror_implicit=yes
xorg_cv_cc_flag__Werror_init_self=yes
xorg_cv_cc_flag__Werror_int_to_pointer_cast=yes
xorg_cv_cc_flag__Werror_main=yes
xorg_cv_cc_flag__Werror_missing_braces=yes
xorg_cv_cc_flag__Werror_nonnull=yes
xorg_cv_cc_flag__Werror_pointer_to_int_cast=yes
xorg_cv_cc_flag__Werror_return_type=yes
xorg_cv_cc_flag__Werror_sequence_point=yes
xorg_cv_cc_flag__Werror_trigraphs=yes
xorg_cv_cc_flag__Werror_write_strings=yes
xorg_cv_cc_flag__Wformat_2=yes
xorg_cv_cc_flag__Wmissing_declarations=yes
xorg_cv_cc_flag__Wmissing_format_attribute=yes
xorg_cv_cc_flag__Wmissing_noreturn=yes
xorg_cv_cc_flag__Wmissing_prototypes=yes
xorg_cv_cc_flag__Wnested_externs=yes
xorg_cv_cc_flag__Wold_style_definition=yes
xorg_cv_cc_flag__Wpointer_arith=yes
xorg_cv_cc_flag__Wredundant_decls=yes
xorg_cv_cc_flag__Wshadow=yes
xorg_cv_cc_flag__Wstrict_prototypes=yes
xorg_cv_cc_flag__Wuninitialized=yes
xorg_cv_cc_flag__Wunused=yes
xorg_cv_cc_flag__pedantic=yes
xorg_cv_cc_flag_unknown_warning_option=no
xorg_cv_cc_flag_unused_command_line_argument=no

## ----------------- ##
## Output variables. ##
## ----------------- ##

ACLOCAL='aclocal-1.13'
ADMIN_MAN_DIR='$(mandir)/man$(ADMIN_MAN_SUFFIX)'
ADMIN_MAN_SUFFIX='8'
AMDEPBACKSLASH=''
AMDEP_FALSE=''
AMDEP_TRUE='#'
AMTAR='$${TAR-tar}'
AM_BACKSLASH='\'
AM_DEFAULT_V='$(AM_DEFAULT_VERBOSITY)'
AM_DEFAULT_VERBOSITY='1'
AM_V='$(V)'
APP_MAN_DIR='$(mandir)/man$(APP_MAN_SUFFIX)'
APP_MAN_SUFFIX='1'
AR='x86_64-mandriva-linux-gnu-ar'
AUTOCONF='autoconf'
AUTOHEADER='autoheader'
AUTOMAKE='automake-1.13'
AWK='gawk'
BASE_CFLAGS=' -Wall -Wpointer-arith -Wmissing-declarations -Wformat=2 -Wstrict-prototypes -Wmissing-prototypes -Wnested-externs -Wbad-function-cast -Wold-style-definition -Wdeclaration-after-statement -Wunused -Wuninitialized -Wshadow -Wcast-qual -Wmissing-noreturn -Wmissing-format-attribute -Wredundant-decls -Werror=implicit -Werror=nonnull -Werror=init-self -Werror=main -Werror=missing-braces -Werror=sequence-point -Werror=return-type -Werror=trigraphs -Werror=array-bounds -Werror=write-strings -Werror=address -Werror=int-to-pointer-cast -Werror=pointer-to-int-cast'
CC='x86_64-mandriva-linux-gnu-gcc -std=gnu99'
CCDEPMODE='depmode=none'
CFLAGS='-O2 -Wa,--compress-debug-sections -gdwarf-4 -fvar-tracking-assignments -frecord-gcc-switches -Wstrict-aliasing=2 -pipe -Wformat -Werror=format-security -Wp,-D_FORTIFY_SOURCE=2 -fstack-protector --param=ssp-buffer-size=4  -fPIC'
CHANGELOG_CMD='(GIT_DIR=$(top_srcdir)/.git git log > $(top_srcdir)/.changelog.tmp && mv $(top_srcdir)/.changelog.tmp $(top_srcdir)/ChangeLog) || (rm -f $(top_srcdir)/.changelog.tmp; touch $(top_srcdir)/ChangeLog; echo '\''git directory not found: installing possibly empty changelog.'\'' >&2)'
CPP='x86_64-mandriva-linux-gnu-gcc -std=gnu99 -E'
CPPFLAGS=' -Wall'
CWARNFLAGS=' -Wall -Wpointer-arith -Wmissing-declarations -Wformat=2 -Wstrict-prototypes -Wmissing-prototypes -Wnested-externs -Wbad-function-cast -Wold-style-definition -Wdeclaration-after-statement -Wunused -Wuninitialized -Wshadow -Wcast-qual -Wmissing-noreturn -Wmissing-format-attribute -Wredundant-decls -Werror=implicit -Werror=nonnull -Werror=init-self -Werror=main -Werror=missing-braces -Werror=sequence-point -Werror=return-type -Werror=trigraphs -Werror=array-bounds -Werror=write-strings -Werror=address -Werror=int-to-pointer-cast -Werror=pointer-to-int-cast -fno-strict-aliasing'
CYGPATH_W='echo'
DEFS='-DHAVE_CONFIG_H'
DEPDIR='.deps'
DLLTOOL='false'
DRIVER_MAN_DIR='$(mandir)/man$(DRIVER_MAN_SUFFIX)'
DRIVER_MAN_SUFFIX='4'
DRIVER_NAME='ati'
DSYMUTIL=''
DUMPBIN=''
ECHO_C=''
ECHO_N='-n'
ECHO_T=''
EGREP='/bin/grep -E'
EXEEXT=''
FGREP='/bin/grep -F'
FILE_MAN_DIR='$(mandir)/man$(FILE_MAN_SUFFIX)'
FILE_MAN_SUFFIX='5'
GLAMOR_FALSE=''
GLAMOR_TRUE='#'
GREP='/bin/grep'
HAVE_XEXTPROTO_71_FALSE='#'
HAVE_XEXTPROTO_71_TRUE=''
INSTALL_CMD='(cp -f /usr/share/util-macros/INSTALL $(top_srcdir)/.INSTALL.tmp && mv $(top_srcdir)/.INSTALL.tmp $(top_srcdir)/INSTALL) || (rm -f $(top_srcdir)/.INSTALL.tmp; touch $(top_srcdir)/INSTALL; echo '\''util-macros "pkgdatadir" from xorg-macros.pc not found: installing possibly empty INSTALL.'\'' >&2)'
INSTALL_DATA='${INSTALL} -m 644'
INSTALL_PROGRAM='${INSTALL}'
INSTALL_SCRIPT='${INSTALL}'
INSTALL_STRIP_PROGRAM='$(install_sh) -c -s'
LD='/usr/bin/ld -m elf_x86_64'
LDFLAGS=' -Wl,--no-undefined '
LIBDRM_CFLAGS='-I/usr/include/libdrm '
LIBDRM_LIBS='-ldrm '
LIBDRM_RADEON_CFLAGS='-I/usr/include/libdrm '
LIBDRM_RADEON_LIBS='-ldrm_radeon '
LIBGLAMOR_CFLAGS=''
LIBGLAMOR_EGL_CFLAGS=''
LIBGLAMOR_EGL_LIBS=''
LIBGLAMOR_LIBS=''
LIBOBJS=''
LIBS=''
LIBTOOL='$(SHELL) $(top_builddir)/libtool'
LIBUDEV_CFLAGS=''
LIBUDEV_FALSE='#'
LIBUDEV_LIBS='-ludev -lrt '
LIBUDEV_TRUE=''
LIB_MAN_DIR='$(mandir)/man$(LIB_MAN_SUFFIX)'
LIB_MAN_SUFFIX='3'
LIPO=''
LN_S='ln -s'
LTLIBOBJS=''
MAINT='#'
MAINTAINER_MODE_FALSE=''
MAINTAINER_MODE_TRUE='#'
MAKEINFO='makeinfo'
MANIFEST_TOOL=':'
MAN_SUBSTS='	-e '\''s|__vendorversion__|"$(PACKAGE_STRING)" "$(XORG_MAN_PAGE)"|'\'' 	-e '\''s|__xorgversion__|"$(PACKAGE_STRING)" "$(XORG_MAN_PAGE)"|'\'' 	-e '\''s|__xservername__|Xorg|g'\'' 	-e '\''s|__xconfigfile__|xorg.conf|g'\'' 	-e '\''s|__projectroot__|$(prefix)|g'\'' 	-e '\''s|__apploaddir__|$(appdefaultdir)|g'\'' 	-e '\''s|__appmansuffix__|$(APP_MAN_SUFFIX)|g'\'' 	-e '\''s|__drivermansuffix__|$(DRIVER_MAN_SUFFIX)|g'\'' 	-e '\''s|__adminmansuffix__|$(ADMIN_MAN_SUFFIX)|g'\'' 	-e '\''s|__libmansuffix__|$(LIB_MAN_SUFFIX)|g'\'' 	-e '\''s|__miscmansuffix__|$(MISC_MAN_SUFFIX)|g'\'' 	-e '\''s|__filemansuffix__|$(FILE_MAN_SUFFIX)|g'\'''
MISC_MAN_DIR='$(mandir)/man$(MISC_MAN_SUFFIX)'
MISC_MAN_SUFFIX='7'
MKDIR_P='/bin/mkdir -p'
NM='/usr/bin/nm -B'
NMEDIT=''
OBJDUMP='x86_64-mandriva-linux-gnu-objdump'
OBJEXT='o'
OTOOL64=''
OTOOL=''
PACKAGE='xf86-video-ati'
PACKAGE_BUGREPORT='https://bugs.freedesktop.org/enter_bug.cgi?product=xorg'
PACKAGE_NAME='xf86-video-ati'
PACKAGE_STRING='xf86-video-ati 7.0.0'
PACKAGE_TARNAME='xf86-video-ati'
PACKAGE_URL=''
PACKAGE_VERSION='7.0.0'
PATH_SEPARATOR=':'
PCIACCESS_CFLAGS=''
PCIACCESS_LIBS='-lpciaccess '
PKG_CONFIG='/usr/bin/x86_64-mandriva-linux-gnu-pkg-config'
PKG_CONFIG_LIBDIR=''
PKG_CONFIG_PATH=''
RANLIB='x86_64-mandriva-linux-gnu-ranlib'
SED='/bin/sed'
SET_MAKE=''
SHELL='/bin/sh'
STRICT_CFLAGS=' -pedantic -Werror -Werror=attributes'
STRIP='x86_64-mandriva-linux-gnu-strip'
VERSION='7.0.0'
XEXT_CFLAGS=''
XEXT_LIBS=''
XORG_CFLAGS='-fvisibility=hidden -I/usr/include/xorg -I/usr/include/pixman-1 -I/usr/include/libdrm -I/usr/include/X11/dri  '
XORG_LIBS=''
XORG_MAN_PAGE='X Version 11'
XSERVER_LIBPCIACCESS_FALSE='#'
XSERVER_LIBPCIACCESS_TRUE=''
ac_ct_AR=''
ac_ct_CC=''
ac_ct_DUMPBIN=''
am__EXEEXT_FALSE=''
am__EXEEXT_TRUE='#'
am__fastdepCC_FALSE=''
am__fastdepCC_TRUE='#'
am__include='include'
am__isrc=''
am__leading_dot='.'
am__nodep=''
am__quote=''
am__tar='$${TAR-tar} chof - "$$tardir"'
am__untar='$${TAR-tar} xf -'
bindir='/usr/bin'
build='x86_64-mandriva-linux-gnu'
build_alias='x86_64-mandriva-linux-gnu'
build_cpu='x86_64'
build_os='linux-gnu'
build_vendor='mandriva'
datadir='/usr/share'
datarootdir='${prefix}/share'
docdir='${datarootdir}/doc/${PACKAGE_TARNAME}'
dvidir='${docdir}'
exec_prefix='/usr'
host='x86_64-mandriva-linux-gnu'
host_alias='x86_64-mandriva-linux-gnu'
host_cpu='x86_64'
host_os='linux-gnu'
host_vendor='mandriva'
htmldir='${docdir}'
includedir='/usr/include'
infodir='/usr/share/info'
install_sh='${SHELL} /home/bero/abf/x11-driver-video-ati/BUILD/xf86-video-ati-7.0.0/install-sh'
libdir='/usr/lib64'
libexecdir='/usr/lib64'
localedir='${datarootdir}/locale'
localstatedir='/var'
mandir='/usr/share/man'
mkdir_p='$(MKDIR_P)'
moduledir='/usr/lib64/xorg/modules'
oldincludedir='/usr/include'
pdfdir='${docdir}'
prefix='/usr'
program_transform_name='s&^&&'
psdir='${docdir}'
sbindir='/usr/sbin'
sharedstatedir='/usr/com'
sysconfdir='/etc'
target_alias='x86_64-mandriva-linux-gnu'

## ----------- ##
## confdefs.h. ##
## ----------- ##

/* confdefs.h */
#define PACKAGE_NAME "xf86-video-ati"
#define PACKAGE_TARNAME "xf86-video-ati"
#define PACKAGE_VERSION "7.0.0"
#define PACKAGE_STRING "xf86-video-ati 7.0.0"
#define PACKAGE_BUGREPORT "https://bugs.freedesktop.org/enter_bug.cgi?product=xorg"
#define PACKAGE_URL ""
#define PACKAGE "xf86-video-ati"
#define VERSION "7.0.0"
#define STDC_HEADERS 1
#define HAVE_SYS_TYPES_H 1
#define HAVE_SYS_STAT_H 1
#define HAVE_STDLIB_H 1
#define HAVE_STRING_H 1
#define HAVE_MEMORY_H 1
#define HAVE_STRINGS_H 1
#define HAVE_INTTYPES_H 1
#define HAVE_STDINT_H 1
#define HAVE_UNISTD_H 1
#define PACKAGE_VERSION_MAJOR 7
#define PACKAGE_VERSION_MINOR 0
#define PACKAGE_VERSION_PATCHLEVEL 0
#define HAVE_DLFCN_H 1
#define LT_OBJDIR ".libs/"
#define HAVE_XEXTPROTO_71 1
#define HAVE_LIBUDEV 1
#define HAVE_XF86MODEBANDWIDTH 1
#define HAVE_XF86CRTCCLIPVIDEOHELPER 1
#define HAVE_FREE_SHADOW 1
#define HAVE_PCI_DEVICE_ENABLE 1
#define HAVE_LIST_H 1
#define HAVE_XORG_LIST 1
#define HAVE_BYTESWAP_H 1

configure: exit 0
